#
# There is insufficient memory for the Java Runtime Environment to continue.
# Native memory allocation (mmap) failed to map 77594624 bytes for committing reserved memory.
# Possible reasons:
#   The system is out of physical RAM or swap space
#   In 32 bit mode, the process size limit was hit
# Possible solutions:
#   Reduce memory load on the system
#   Increase physical memory or swap space
#   Check if swap backing store is full
#   Use 64 bit Java on a 64 bit OS
#   Decrease Java heap size (-Xmx/-Xms)
#   Decrease number of Java threads
#   Decrease Java thread stack sizes (-Xss)
#   Set larger code cache with -XX:ReservedCodeCacheSize=
# This output file may be truncated or incomplete.
#
#  Out of Memory Error (os_linux.cpp:2640), pid=8449, tid=0x00007fa6aa208700
#
# JRE version: Java(TM) SE Runtime Environment (8.0_131-b11) (build 1.8.0_131-b11)
# Java VM: Java HotSpot(TM) 64-Bit Server VM (25.131-b11 mixed mode linux-amd64 compressed oops)
# Failed to write core dump. Core dumps have been disabled. To enable core dumping, try "ulimit -c unlimited" before starting Java again
#

---------------  T H R E A D  ---------------

Current thread (0x00007fa6bc073800):  VMThread [stack: 0x00007fa6aa108000,0x00007fa6aa209000] [id=8463]

Stack: [0x00007fa6aa108000,0x00007fa6aa209000],  sp=0x00007fa6aa207160,  free space=1020k
Native frames: (J=compiled Java code, j=interpreted, Vv=VM code, C=native code)
V  [libjvm.so+0xac826a]  VMError::report_and_die()+0x2ba
V  [libjvm.so+0x4fd4cb]  report_vm_out_of_memory(char const*, int, unsigned long, VMErrorType, char const*)+0x8b
V  [libjvm.so+0x924f53]  os::Linux::commit_memory_impl(char*, unsigned long, bool)+0x103
V  [libjvm.so+0x9254a9]  os::pd_commit_memory(char*, unsigned long, unsigned long, bool)+0x29
V  [libjvm.so+0x91f6ca]  os::commit_memory(char*, unsigned long, unsigned long, bool)+0x2a
V  [libjvm.so+0x9941e3]  PSVirtualSpace::expand_by(unsigned long)+0x53
V  [libjvm.so+0x9955e8]  PSYoungGen::resize_generation(unsigned long, unsigned long)+0xf8
V  [libjvm.so+0x994742]  PSYoungGen::resize(unsigned long, unsigned long)+0x22
V  [libjvm.so+0x991a1b]  PSScavenge::invoke_no_policy()+0xf3b
V  [libjvm.so+0x9921a1]  PSScavenge::invoke()+0x41
V  [libjvm.so+0x948f00]  ParallelScavengeHeap::failed_mem_allocate(unsigned long)+0x70
V  [libjvm.so+0xac9c87]  VM_ParallelGCFailedAllocation::doit()+0x97
V  [libjvm.so+0xad1765]  VM_Operation::evaluate()+0x55
V  [libjvm.so+0xacfb3a]  VMThread::evaluate_operation(VM_Operation*)+0xba
V  [libjvm.so+0xacfebe]  VMThread::loop()+0x1ce
V  [libjvm.so+0xad0330]  VMThread::run()+0x70
V  [libjvm.so+0x927568]  java_start(Thread*)+0x108

VM_Operation (0x00007fa6c3f680c0): ParallelGCFailedAllocation, mode: safepoint, requested by thread 0x00007fa6bc00a000


---------------  P R O C E S S  ---------------

Java Threads: ( => current thread )
  0x00007fa6bc0ba800 JavaThread "Service Thread" daemon [_thread_blocked, id=8469, stack(0x00007fa6a9979000,0x00007fa6a9a7a000)]
  0x00007fa6bc0b7800 JavaThread "C1 CompilerThread1" daemon [_thread_blocked, id=8468, stack(0x00007fa6a9a7a000,0x00007fa6a9b7b000)]
  0x00007fa6bc0b5000 JavaThread "C2 CompilerThread0" daemon [_thread_blocked, id=8467, stack(0x00007fa6a9b7b000,0x00007fa6a9c7c000)]
  0x00007fa6bc0b3800 JavaThread "Signal Dispatcher" daemon [_thread_blocked, id=8466, stack(0x00007fa6a9c7c000,0x00007fa6a9d7d000)]
  0x00007fa6bc080000 JavaThread "Finalizer" daemon [_thread_blocked, id=8465, stack(0x00007fa6a9f06000,0x00007fa6aa007000)]
  0x00007fa6bc07b800 JavaThread "Reference Handler" daemon [_thread_blocked, id=8464, stack(0x00007fa6aa007000,0x00007fa6aa108000)]
  0x00007fa6bc00a000 JavaThread "main" [_thread_blocked, id=8460, stack(0x00007fa6c3e6a000,0x00007fa6c3f6b000)]

Other Threads:
=>0x00007fa6bc073800 VMThread [stack: 0x00007fa6aa108000,0x00007fa6aa209000] [id=8463]
  0x00007fa6bc0bd800 WatcherThread [stack: 0x00007fa6a9878000,0x00007fa6a9979000] [id=8470]

VM state:at safepoint (normal execution)

VM Mutex/Monitor currently owned by a thread:  ([mutex/lock_event])
[0x00007fa6bc006050] Threads_lock - owner thread: 0x00007fa6bc073800
[0x00007fa6bc006550] Heap_lock - owner thread: 0x00007fa6bc00a000

Heap:
 PSYoungGen      total 66048K, used 2544K [0x00000000eb600000, 0x00000000ef900000, 0x0000000100000000)
  eden space 63488K, 0% used [0x00000000eb600000,0x00000000eb600000,0x00000000ef400000)
  from space 2560K, 99% used [0x00000000ef400000,0x00000000ef67c030,0x00000000ef680000)
  to   space 2560K, 0% used [0x00000000ef680000,0x00000000ef680000,0x00000000ef900000)
 ParOldGen       total 42496K, used 12556K [0x00000000c2200000, 0x00000000c4b80000, 0x00000000eb600000)
  object space 42496K, 29% used [0x00000000c2200000,0x00000000c2e43078,0x00000000c4b80000)
 Metaspace       used 13308K, capacity 13520K, committed 13696K, reserved 1060864K
  class space    used 1579K, capacity 1638K, committed 1664K, reserved 1048576K

Card table byte_map: [0x00007fa6c0a1a000,0x00007fa6c0c0a000] byte_map_base: 0x00007fa6c0409000

Marking Bits: (ParMarkBitMap*) 0x00007fa6c332df60
 Begin Bits: [0x00007fa6ab110000, 0x00007fa6ac088000)
 End Bits:   [0x00007fa6ac088000, 0x00007fa6ad000000)

Polling page: 0x00007fa6c3f7a000

CodeCache: size=245760Kb used=5781Kb max_used=5781Kb free=239978Kb
 bounds [0x00007fa6ad000000, 0x00007fa6ad5b0000, 0x00007fa6bc000000]
 total_blobs=2116 nmethods=1811 adapters=218
 compilation: enabled

Compilation events (10 events):
Event: 3.566 Thread 0x00007fa6bc0b7800 1836       2       java.lang.reflect.Method::invoke (62 bytes)
Event: 3.566 Thread 0x00007fa6bc0b7800 nmethod 1836 0x00007fa6ad5a7410 code [0x00007fa6ad5a75a0, 0x00007fa6ad5a7808]
Event: 3.566 Thread 0x00007fa6bc0b7800 1835       2       java.nio.Buffer::remaining (10 bytes)
Event: 3.566 Thread 0x00007fa6bc0b7800 nmethod 1835 0x00007fa6ad5a7950 code [0x00007fa6ad5a7aa0, 0x00007fa6ad5a7bf0]
Event: 3.577 Thread 0x00007fa6bc0b7800 1837       1       org.apache.maven.model.Dependency::getVersion (5 bytes)
Event: 3.577 Thread 0x00007fa6bc0b7800 nmethod 1837 0x00007fa6ad5a7c50 code [0x00007fa6ad5a7da0, 0x00007fa6ad5a7eb0]
Event: 3.578 Thread 0x00007fa6bc0b7800 1838       1       org.apache.maven.model.Dependency::getOptional (5 bytes)
Event: 3.578 Thread 0x00007fa6bc0b7800 nmethod 1838 0x00007fa6ad5a7f10 code [0x00007fa6ad5a8060, 0x00007fa6ad5a8170]
Event: 3.588 Thread 0x00007fa6bc0b7800 1839       2       org.apache.maven.model.validation.DefaultModelValidator::validateBoolean (74 bytes)
Event: 3.588 Thread 0x00007fa6bc0b7800 nmethod 1839 0x00007fa6ad5a81d0 code [0x00007fa6ad5a83a0, 0x00007fa6ad5a8808]

GC Heap History (9 events):
Event: 0.696 GC heap before
{Heap before GC invocations=1 (full 0):
 PSYoungGen      total 18432K, used 15872K [0x00000000eb600000, 0x00000000eca80000, 0x0000000100000000)
  eden space 15872K, 100% used [0x00000000eb600000,0x00000000ec580000,0x00000000ec580000)
  from space 2560K, 0% used [0x00000000ec800000,0x00000000ec800000,0x00000000eca80000)
  to   space 2560K, 0% used [0x00000000ec580000,0x00000000ec580000,0x00000000ec800000)
 ParOldGen       total 42496K, used 0K [0x00000000c2200000, 0x00000000c4b80000, 0x00000000eb600000)
  object space 42496K, 0% used [0x00000000c2200000,0x00000000c2200000,0x00000000c4b80000)
 Metaspace       used 6839K, capacity 6940K, committed 7040K, reserved 1056768K
  class space    used 829K, capacity 888K, committed 896K, reserved 1048576K
Event: 0.703 GC heap after
Heap after GC invocations=1 (full 0):
 PSYoungGen      total 18432K, used 2544K [0x00000000eb600000, 0x00000000eda00000, 0x0000000100000000)
  eden space 15872K, 0% used [0x00000000eb600000,0x00000000eb600000,0x00000000ec580000)
  from space 2560K, 99% used [0x00000000ec580000,0x00000000ec7fc270,0x00000000ec800000)
  to   space 2560K, 0% used [0x00000000ed780000,0x00000000ed780000,0x00000000eda00000)
 ParOldGen       total 42496K, used 821K [0x00000000c2200000, 0x00000000c4b80000, 0x00000000eb600000)
  object space 42496K, 1% used [0x00000000c2200000,0x00000000c22cd480,0x00000000c4b80000)
 Metaspace       used 6839K, capacity 6940K, committed 7040K, reserved 1056768K
  class space    used 829K, capacity 888K, committed 896K, reserved 1048576K
}
Event: 0.939 GC heap before
{Heap before GC invocations=2 (full 0):
 PSYoungGen      total 18432K, used 18416K [0x00000000eb600000, 0x00000000eda00000, 0x0000000100000000)
  eden space 15872K, 100% used [0x00000000eb600000,0x00000000ec580000,0x00000000ec580000)
  from space 2560K, 99% used [0x00000000ec580000,0x00000000ec7fc270,0x00000000ec800000)
  to   space 2560K, 0% used [0x00000000ed780000,0x00000000ed780000,0x00000000eda00000)
 ParOldGen       total 42496K, used 821K [0x00000000c2200000, 0x00000000c4b80000, 0x00000000eb600000)
  object space 42496K, 1% used [0x00000000c2200000,0x00000000c22cd480,0x00000000c4b80000)
 Metaspace       used 8121K, capacity 8232K, committed 8320K, reserved 1056768K
  class space    used 1020K, capacity 1082K, committed 1152K, reserved 1048576K
Event: 0.948 GC heap after
Heap after GC invocations=2 (full 0):
 PSYoungGen      total 34304K, used 2558K [0x00000000eb600000, 0x00000000eda00000, 0x0000000100000000)
  eden space 31744K, 0% used [0x00000000eb600000,0x00000000eb600000,0x00000000ed500000)
  from space 2560K, 99% used [0x00000000ed780000,0x00000000ed9ff840,0x00000000eda00000)
  to   space 2560K, 0% used [0x00000000ed500000,0x00000000ed500000,0x00000000ed780000)
 ParOldGen       total 42496K, used 1288K [0x00000000c2200000, 0x00000000c4b80000, 0x00000000eb600000)
  object space 42496K, 3% used [0x00000000c2200000,0x00000000c23421c8,0x00000000c4b80000)
 Metaspace       used 8121K, capacity 8232K, committed 8320K, reserved 1056768K
  class space    used 1020K, capacity 1082K, committed 1152K, reserved 1048576K
}
Event: 2.729 GC heap before
{Heap before GC invocations=3 (full 0):
 PSYoungGen      total 34304K, used 34302K [0x00000000eb600000, 0x00000000eda00000, 0x0000000100000000)
  eden space 31744K, 100% used [0x00000000eb600000,0x00000000ed500000,0x00000000ed500000)
  from space 2560K, 99% used [0x00000000ed780000,0x00000000ed9ff840,0x00000000eda00000)
  to   space 2560K, 0% used [0x00000000ed500000,0x00000000ed500000,0x00000000ed780000)
 ParOldGen       total 42496K, used 1288K [0x00000000c2200000, 0x00000000c4b80000, 0x00000000eb600000)
  object space 42496K, 3% used [0x00000000c2200000,0x00000000c23421c8,0x00000000c4b80000)
 Metaspace       used 11557K, capacity 11700K, committed 11776K, reserved 1058816K
  class space    used 1426K, capacity 1468K, committed 1536K, reserved 1048576K
Event: 2.740 GC heap after
Heap after GC invocations=3 (full 0):
 PSYoungGen      total 34304K, used 2528K [0x00000000eb600000, 0x00000000ef900000, 0x0000000100000000)
  eden space 31744K, 0% used [0x00000000eb600000,0x00000000eb600000,0x00000000ed500000)
  from space 2560K, 98% used [0x00000000ed500000,0x00000000ed778020,0x00000000ed780000)
  to   space 2560K, 0% used [0x00000000ef680000,0x00000000ef680000,0x00000000ef900000)
 ParOldGen       total 42496K, used 3855K [0x00000000c2200000, 0x00000000c4b80000, 0x00000000eb600000)
  object space 42496K, 9% used [0x00000000c2200000,0x00000000c25c3db0,0x00000000c4b80000)
 Metaspace       used 11557K, capacity 11700K, committed 11776K, reserved 1058816K
  class space    used 1426K, capacity 1468K, committed 1536K, reserved 1048576K
}
Event: 3.268 GC heap before
{Heap before GC invocations=4 (full 0):
 PSYoungGen      total 34304K, used 34272K [0x00000000eb600000, 0x00000000ef900000, 0x0000000100000000)
  eden space 31744K, 100% used [0x00000000eb600000,0x00000000ed500000,0x00000000ed500000)
  from space 2560K, 98% used [0x00000000ed500000,0x00000000ed778020,0x00000000ed780000)
  to   space 2560K, 0% used [0x00000000ef680000,0x00000000ef680000,0x00000000ef900000)
 ParOldGen       total 42496K, used 3855K [0x00000000c2200000, 0x00000000c4b80000, 0x00000000eb600000)
  object space 42496K, 9% used [0x00000000c2200000,0x00000000c25c3db0,0x00000000c4b80000)
 Metaspace       used 13206K, capacity 13316K, committed 13440K, reserved 1060864K
  class space    used 1577K, capacity 1636K, committed 1664K, reserved 1048576K
Event: 3.305 GC heap after
Heap after GC invocations=4 (full 0):
 PSYoungGen      total 66048K, used 2544K [0x00000000eb600000, 0x00000000ef900000, 0x0000000100000000)
  eden space 63488K, 0% used [0x00000000eb600000,0x00000000eb600000,0x00000000ef400000)
  from space 2560K, 99% used [0x00000000ef680000,0x00000000ef8fc030,0x00000000ef900000)
  to   space 2560K, 0% used [0x00000000ef400000,0x00000000ef400000,0x00000000ef680000)
 ParOldGen       total 42496K, used 8492K [0x00000000c2200000, 0x00000000c4b80000, 0x00000000eb600000)
  object space 42496K, 19% used [0x00000000c2200000,0x00000000c2a4b078,0x00000000c4b80000)
 Metaspace       used 13206K, capacity 13316K, committed 13440K, reserved 1060864K
  class space    used 1577K, capacity 1636K, committed 1664K, reserved 1048576K
}
Event: 3.589 GC heap before
{Heap before GC invocations=5 (full 0):
 PSYoungGen      total 66048K, used 66032K [0x00000000eb600000, 0x00000000ef900000, 0x0000000100000000)
  eden space 63488K, 100% used [0x00000000eb600000,0x00000000ef400000,0x00000000ef400000)
  from space 2560K, 99% used [0x00000000ef680000,0x00000000ef8fc030,0x00000000ef900000)
  to   space 2560K, 0% used [0x00000000ef400000,0x00000000ef400000,0x00000000ef680000)
 ParOldGen       total 42496K, used 8492K [0x00000000c2200000, 0x00000000c4b80000, 0x00000000eb600000)
  object space 42496K, 19% used [0x00000000c2200000,0x00000000c2a4b078,0x00000000c4b80000)
 Metaspace       used 13308K, capacity 13520K, committed 13696K, reserved 1060864K
  class space    used 1579K, capacity 1638K, committed 1664K, reserved 1048576K

Deoptimization events (3 events):
Event: 1.273 Thread 0x00007fa6bc00a000 Uncommon trap: reason=unstable_if action=reinterpret pc=0x00007fa6ad329df8 method=com.google.inject.internal.asm.$Type.a(Ljava/lang/StringBuffer;Ljava/lang/Class;)V @ 127
Event: 2.619 Thread 0x00007fa6bc00a000 Uncommon trap: reason=unstable_if action=reinterpret pc=0x00007fa6ad42f070 method=com.google.inject.internal.cglib.core.$CodeEmitter.emit_invoke(ILcom/google/inject/internal/asm/$Type;Lcom/google/inject/internal/cglib/core/$Signature;)V @ 24
Event: 2.841 Thread 0x00007fa6bc00a000 Uncommon trap: reason=unstable_if action=reinterpret pc=0x00007fa6ad2b4a64 method=sun.nio.cs.StreamDecoder.implRead([CII)I @ 36

Internal exceptions (10 events):
Event: 0.771 Thread 0x00007fa6bc00a000 Exception <a 'java/lang/ArrayIndexOutOfBoundsException'> (0x00000000ebf493a8) thrown at [/HUDSON/workspace/8-2-build-linux-amd64/jdk8u131/8869/hotspot/src/share/vm/runtime/sharedRuntime.cpp, line 605]
Event: 0.771 Thread 0x00007fa6bc00a000 Exception <a 'java/lang/ArrayIndexOutOfBoundsException'> (0x00000000ebf4b050) thrown at [/HUDSON/workspace/8-2-build-linux-amd64/jdk8u131/8869/hotspot/src/share/vm/runtime/sharedRuntime.cpp, line 605]
Event: 0.852 Thread 0x00007fa6bc00a000 Exception <a 'java/lang/ArrayIndexOutOfBoundsException'> (0x00000000ec252b90) thrown at [/HUDSON/workspace/8-2-build-linux-amd64/jdk8u131/8869/hotspot/src/share/vm/runtime/sharedRuntime.cpp, line 605]
Event: 0.852 Thread 0x00007fa6bc00a000 Exception <a 'java/lang/ArrayIndexOutOfBoundsException'> (0x00000000ec254d40) thrown at [/HUDSON/workspace/8-2-build-linux-amd64/jdk8u131/8869/hotspot/src/share/vm/runtime/sharedRuntime.cpp, line 605]
Event: 0.878 Thread 0x00007fa6bc00a000 Exception <a 'java/lang/NoClassDefFoundError': org/slf4j/Logger> (0x00000000ec362c40) thrown at [/HUDSON/workspace/8-2-build-linux-amd64/jdk8u131/8869/hotspot/src/share/vm/classfile/systemDictionary.cpp, line 199]
Event: 0.914 Thread 0x00007fa6bc00a000 Exception <a 'java/lang/ArrayIndexOutOfBoundsException'> (0x00000000ec4931f8) thrown at [/HUDSON/workspace/8-2-build-linux-amd64/jdk8u131/8869/hotspot/src/share/vm/runtime/sharedRuntime.cpp, line 605]
Event: 1.043 Thread 0x00007fa6bc00a000 Exception <a 'java/lang/ArrayIndexOutOfBoundsException'> (0x00000000eb82fe50) thrown at [/HUDSON/workspace/8-2-build-linux-amd64/jdk8u131/8869/hotspot/src/share/vm/runtime/sharedRuntime.cpp, line 605]
Event: 1.043 Thread 0x00007fa6bc00a000 Exception <a 'java/lang/ArrayIndexOutOfBoundsException'> (0x00000000eb831308) thrown at [/HUDSON/workspace/8-2-build-linux-amd64/jdk8u131/8869/hotspot/src/share/vm/runtime/sharedRuntime.cpp, line 605]
Event: 1.301 Thread 0x00007fa6bc00a000 Exception <a 'java/lang/NoClassDefFoundError': org/slf4j/LoggerFactory> (0x00000000ebc2e288) thrown at [/HUDSON/workspace/8-2-build-linux-amd64/jdk8u131/8869/hotspot/src/share/vm/classfile/systemDictionary.cpp, line 199]
Event: 1.301 Thread 0x00007fa6bc00a000 Exception <a 'java/lang/NoClassDefFoundError'> (0x00000000ebc2e288) thrown at [/HUDSON/workspace/8-2-build-linux-amd64/jdk8u131/8869/hotspot/src/share/vm/oops/instanceKlass.cpp, line 964]

Events (10 events):
Event: 3.236 Thread 0x00007fa6bc00a000 DEOPT UNPACKING pc=0x00007fa6ad047633 sp=0x00007fa6c3f67c48 mode 0
Event: 3.264 Thread 0x00007fa6bc00a000 DEOPT PACKING pc=0x00007fa6ad51f20e sp=0x00007fa6c3f67c70
Event: 3.264 Thread 0x00007fa6bc00a000 DEOPT UNPACKING pc=0x00007fa6ad047633 sp=0x00007fa6c3f67a40 mode 0
Event: 3.266 Thread 0x00007fa6bc00a000 DEOPT PACKING pc=0x00007fa6ad52057e sp=0x00007fa6c3f67bb0
Event: 3.266 Thread 0x00007fa6bc00a000 DEOPT UNPACKING pc=0x00007fa6ad047633 sp=0x00007fa6c3f67940 mode 0
Event: 3.267 Executing VM operation: ParallelGCFailedAllocation
Event: 3.314 Executing VM operation: ParallelGCFailedAllocation done
Event: 3.317 Thread 0x00007fa6bc00a000 DEOPT PACKING pc=0x00007fa6ad51f20e sp=0x00007fa6c3f67f30
Event: 3.317 Thread 0x00007fa6bc00a000 DEOPT UNPACKING pc=0x00007fa6ad047633 sp=0x00007fa6c3f67d00 mode 0
Event: 3.589 Executing VM operation: ParallelGCFailedAllocation


Dynamic libraries:
00400000-00401000 r-xp 00000000 08:01 407785                             /usr/lib/jvm/java-8-oracle/bin/java
00600000-00601000 rw-p 00000000 08:01 407785                             /usr/lib/jvm/java-8-oracle/bin/java
01384000-013a5000 rw-p 00000000 00:00 0                                  [heap]
c2200000-c4b80000 rw-p 00000000 00:00 0 
c4b80000-eb600000 ---p 00000000 00:00 0 
eb600000-ef900000 rw-p 00000000 00:00 0 
f4300000-100000000 ---p 00000000 00:00 0 
100000000-1001a0000 rw-p 00000000 00:00 0 
1001a0000-140000000 ---p 00000000 00:00 0 
7fa67c000000-7fa67c021000 rw-p 00000000 00:00 0 
7fa67c021000-7fa680000000 ---p 00000000 00:00 0 
7fa684000000-7fa6846bd000 rw-p 00000000 00:00 0 
7fa6846bd000-7fa688000000 ---p 00000000 00:00 0 
7fa688000000-7fa688021000 rw-p 00000000 00:00 0 
7fa688021000-7fa68c000000 ---p 00000000 00:00 0 
7fa68c000000-7fa68c021000 rw-p 00000000 00:00 0 
7fa68c021000-7fa690000000 ---p 00000000 00:00 0 
7fa690000000-7fa69067c000 rw-p 00000000 00:00 0 
7fa69067c000-7fa694000000 ---p 00000000 00:00 0 
7fa694000000-7fa694021000 rw-p 00000000 00:00 0 
7fa694021000-7fa698000000 ---p 00000000 00:00 0 
7fa698000000-7fa698021000 rw-p 00000000 00:00 0 
7fa698021000-7fa69c000000 ---p 00000000 00:00 0 
7fa69c000000-7fa69c021000 rw-p 00000000 00:00 0 
7fa69c021000-7fa6a0000000 ---p 00000000 00:00 0 
7fa6a0000000-7fa6a028d000 rw-p 00000000 00:00 0 
7fa6a028d000-7fa6a4000000 ---p 00000000 00:00 0 
7fa6a4000000-7fa6a4029000 rw-p 00000000 00:00 0 
7fa6a4029000-7fa6a8000000 ---p 00000000 00:00 0 
7fa6a93f5000-7fa6a95b6000 rw-p 00000000 00:00 0 
7fa6a95b6000-7fa6a95f6000 ---p 00000000 00:00 0 
7fa6a95f6000-7fa6a95fb000 r--s 0009a000 08:01 408174                     /usr/lib/jvm/java-8-oracle/jre/lib/jsse.jar
7fa6a95fb000-7fa6a97fb000 rw-p 00000000 00:00 0 
7fa6a97fb000-7fa6a97fd000 r--s 00025000 08:01 68083                      /usr/share/java/maven3-model-3.0.5.jar
7fa6a97fd000-7fa6a97ff000 r--s 0000b000 08:01 68082                      /usr/share/java/maven3-aether-provider-3.0.5.jar
7fa6a97ff000-7fa6a9801000 r--s 00008000 08:01 68085                      /usr/share/java/maven3-embedder-3.0.5.jar
7fa6a9801000-7fa6a9802000 r--s 00006000 08:01 67829                      /usr/share/java/plexus-sec-dispatcher.jar
7fa6a9802000-7fa6a9805000 r--s 0001d000 08:01 656270                     /usr/share/maven-repo/org/sonatype/aether/aether-impl/1.13.1/aether-impl-1.13.1.jar
7fa6a9805000-7fa6a9807000 r--s 00007000 08:01 68089                      /usr/share/java/maven3-settings-builder-3.0.5.jar
7fa6a9807000-7fa6a980d000 r--s 0003e000 08:01 68090                      /usr/share/java/maven3-compat-3.0.5.jar
7fa6a980d000-7fa6a980f000 r--s 00000000 08:01 68058                      /usr/share/java/plexus-component-annotations-1.5-1.5.5.jar
7fa6a980f000-7fa6a981b000 r--s 0007c000 08:01 68084                      /usr/share/java/maven3-core-3.0.5.jar
7fa6a981b000-7fa6a9820000 r--s 00044000 08:01 67835                      /usr/share/java/commons-httpclient-3.1.jar
7fa6a9820000-7fa6a9822000 r--s 00007000 08:01 67567                      /usr/share/java/commons-cli-1.2.jar
7fa6a9822000-7fa6a9824000 r--s 00009000 08:01 68086                      /usr/share/java/maven3-settings-3.0.5.jar
7fa6a9824000-7fa6a9826000 r--s 0000e000 08:01 67660                      /usr/share/java/plexus-interpolation.jar
7fa6a9826000-7fa6a9828000 r--s 00005000 08:01 68087                      /usr/share/java/maven3-repository-metadata-3.0.5.jar
7fa6a9828000-7fa6a982f000 r--s 00040000 08:01 67284                      /usr/share/java/sisu-inject-bean.jar
7fa6a982f000-7fa6a9833000 r--s 00020000 08:01 68092                      /usr/share/java/maven3-model-builder-3.0.5.jar
7fa6a9833000-7fa6a985c000 r--s 001e9000 08:01 67588                      /usr/share/java/guava.jar
7fa6a985c000-7fa6a9878000 r--s 00110000 08:01 67961                      /usr/share/java/wagon-http-shaded-2.x.jar
7fa6a9878000-7fa6a9879000 ---p 00000000 00:00 0 
7fa6a9879000-7fa6a9979000 rw-p 00000000 00:00 0                          [stack:8470]
7fa6a9979000-7fa6a997c000 ---p 00000000 00:00 0 
7fa6a997c000-7fa6a9a7a000 rw-p 00000000 00:00 0                          [stack:8469]
7fa6a9a7a000-7fa6a9a7d000 ---p 00000000 00:00 0 
7fa6a9a7d000-7fa6a9b7b000 rw-p 00000000 00:00 0                          [stack:8468]
7fa6a9b7b000-7fa6a9b7e000 ---p 00000000 00:00 0 
7fa6a9b7e000-7fa6a9c7c000 rw-p 00000000 00:00 0                          [stack:8467]
7fa6a9c7c000-7fa6a9c7f000 ---p 00000000 00:00 0 
7fa6a9c7f000-7fa6a9d7d000 rw-p 00000000 00:00 0                          [stack:8466]
7fa6a9d7d000-7fa6a9f06000 r--p 00000000 08:01 54287                      /usr/lib/locale/locale-archive
7fa6a9f06000-7fa6a9f09000 ---p 00000000 00:00 0 
7fa6a9f09000-7fa6aa007000 rw-p 00000000 00:00 0                          [stack:8465]
7fa6aa007000-7fa6aa00a000 ---p 00000000 00:00 0 
7fa6aa00a000-7fa6aa108000 rw-p 00000000 00:00 0                          [stack:8464]
7fa6aa108000-7fa6aa109000 ---p 00000000 00:00 0 
7fa6aa109000-7fa6ad000000 rw-p 00000000 00:00 0                          [stack:8463]
7fa6ad000000-7fa6ad5b0000 rwxp 00000000 00:00 0 
7fa6ad5b0000-7fa6bc000000 ---p 00000000 00:00 0 
7fa6bc000000-7fa6bc719000 rw-p 00000000 00:00 0 
7fa6bc719000-7fa6c0000000 ---p 00000000 00:00 0 
7fa6c0000000-7fa6c0001000 r--s 00001000 08:01 67902                      /usr/share/java/wagon-file-2.x.jar
7fa6c0001000-7fa6c0002000 r--s 00003000 08:01 656253                     /usr/share/maven-repo/org/sonatype/aether/aether-spi/1.13.1/aether-spi-1.13.1.jar
7fa6c0002000-7fa6c0003000 r--s 0000d000 08:01 67364                      /usr/share/java/commons-logging-1.1.3.jar
7fa6c0003000-7fa6c0005000 r--s 00009000 08:01 68091                      /usr/share/java/maven3-plugin-api-3.0.5.jar
7fa6c0005000-7fa6c0007000 r--s 00006000 08:01 656276                     /usr/share/maven-repo/org/sonatype/aether/aether-connector-wagon/1.13.1/aether-connector-wagon-1.13.1.jar
7fa6c0007000-7fa6c000e000 r--s 0003b000 08:01 67628                      /usr/share/java/commons-codec-1.9.jar
7fa6c000e000-7fa6c001a000 r--s 00082000 08:01 67205                      /usr/share/java/sisu-guice.jar
7fa6c001a000-7fa6c001d000 r--s 00013000 08:01 656258                     /usr/share/maven-repo/org/sonatype/aether/aether-api/1.13.1/aether-api-1.13.1.jar
7fa6c001d000-7fa6c0023000 r--s 0002c000 08:01 67235                      /usr/share/java/sisu-inject-plexus.jar
7fa6c0023000-7fa6c0027000 r--s 00033000 08:01 68043                      /usr/share/java/plexus-utils2-2.0.5.jar
7fa6c0027000-7fa6c002b000 r--s 0001c000 08:01 656241                     /usr/share/maven-repo/org/sonatype/aether/aether-util/1.13.1/aether-util-1.13.1.jar
7fa6c002b000-7fa6c0290000 rw-p 00000000 00:00 0 
7fa6c0290000-7fa6c0469000 r--s 03d40000 08:01 408029                     /usr/lib/jvm/java-8-oracle/jre/lib/rt.jar
7fa6c0469000-7fa6c06ce000 rw-p 00000000 00:00 0 
7fa6c06ce000-7fa6c06cf000 ---p 00000000 00:00 0 
7fa6c06cf000-7fa6c07cf000 rw-p 00000000 00:00 0                          [stack:8462]
7fa6c07cf000-7fa6c07d0000 ---p 00000000 00:00 0 
7fa6c07d0000-7fa6c08e5000 rw-p 00000000 00:00 0                          [stack:8461]
7fa6c08e5000-7fa6c0a1a000 ---p 00000000 00:00 0 
7fa6c0a1a000-7fa6c0a2f000 rw-p 00000000 00:00 0 
7fa6c0a2f000-7fa6c0b64000 ---p 00000000 00:00 0 
7fa6c0b64000-7fa6c0b86000 rw-p 00000000 00:00 0 
7fa6c0b86000-7fa6c0c09000 ---p 00000000 00:00 0 
7fa6c0c09000-7fa6c0c21000 rw-p 00000000 00:00 0 
7fa6c0c21000-7fa6c0fca000 ---p 00000000 00:00 0 
7fa6c0fca000-7fa6c0fe4000 r-xp 00000000 08:01 408169                     /usr/lib/jvm/java-8-oracle/jre/lib/amd64/libzip.so
7fa6c0fe4000-7fa6c11e4000 ---p 0001a000 08:01 408169                     /usr/lib/jvm/java-8-oracle/jre/lib/amd64/libzip.so
7fa6c11e4000-7fa6c11e5000 rw-p 0001a000 08:01 408169                     /usr/lib/jvm/java-8-oracle/jre/lib/amd64/libzip.so
7fa6c11e5000-7fa6c11ef000 r-xp 00000000 08:01 2177                       /lib/x86_64-linux-gnu/libnss_files-2.19.so
7fa6c11ef000-7fa6c13ee000 ---p 0000a000 08:01 2177                       /lib/x86_64-linux-gnu/libnss_files-2.19.so
7fa6c13ee000-7fa6c13ef000 r--p 00009000 08:01 2177                       /lib/x86_64-linux-gnu/libnss_files-2.19.so
7fa6c13ef000-7fa6c13f0000 rw-p 0000a000 08:01 2177                       /lib/x86_64-linux-gnu/libnss_files-2.19.so
7fa6c13f0000-7fa6c13fb000 r-xp 00000000 08:01 2340                       /lib/x86_64-linux-gnu/libnss_nis-2.19.so
7fa6c13fb000-7fa6c15fa000 ---p 0000b000 08:01 2340                       /lib/x86_64-linux-gnu/libnss_nis-2.19.so
7fa6c15fa000-7fa6c15fb000 r--p 0000a000 08:01 2340                       /lib/x86_64-linux-gnu/libnss_nis-2.19.so
7fa6c15fb000-7fa6c15fc000 rw-p 0000b000 08:01 2340                       /lib/x86_64-linux-gnu/libnss_nis-2.19.so
7fa6c15fc000-7fa6c1613000 r-xp 00000000 08:01 2337                       /lib/x86_64-linux-gnu/libnsl-2.19.so
7fa6c1613000-7fa6c1812000 ---p 00017000 08:01 2337                       /lib/x86_64-linux-gnu/libnsl-2.19.so
7fa6c1812000-7fa6c1813000 r--p 00016000 08:01 2337                       /lib/x86_64-linux-gnu/libnsl-2.19.so
7fa6c1813000-7fa6c1814000 rw-p 00017000 08:01 2337                       /lib/x86_64-linux-gnu/libnsl-2.19.so
7fa6c1814000-7fa6c1816000 rw-p 00000000 00:00 0 
7fa6c1816000-7fa6c181f000 r-xp 00000000 08:01 2285                       /lib/x86_64-linux-gnu/libnss_compat-2.19.so
7fa6c181f000-7fa6c1a1e000 ---p 00009000 08:01 2285                       /lib/x86_64-linux-gnu/libnss_compat-2.19.so
7fa6c1a1e000-7fa6c1a1f000 r--p 00008000 08:01 2285                       /lib/x86_64-linux-gnu/libnss_compat-2.19.so
7fa6c1a1f000-7fa6c1a20000 rw-p 00009000 08:01 2285                       /lib/x86_64-linux-gnu/libnss_compat-2.19.so
7fa6c1a20000-7fa6c1a4b000 r-xp 00000000 08:01 408143                     /usr/lib/jvm/java-8-oracle/jre/lib/amd64/libjava.so
7fa6c1a4b000-7fa6c1c4a000 ---p 0002b000 08:01 408143                     /usr/lib/jvm/java-8-oracle/jre/lib/amd64/libjava.so
7fa6c1c4a000-7fa6c1c4c000 rw-p 0002a000 08:01 408143                     /usr/lib/jvm/java-8-oracle/jre/lib/amd64/libjava.so
7fa6c1c4c000-7fa6c1c59000 r-xp 00000000 08:01 408130                     /usr/lib/jvm/java-8-oracle/jre/lib/amd64/libverify.so
7fa6c1c59000-7fa6c1e58000 ---p 0000d000 08:01 408130                     /usr/lib/jvm/java-8-oracle/jre/lib/amd64/libverify.so
7fa6c1e58000-7fa6c1e5a000 rw-p 0000c000 08:01 408130                     /usr/lib/jvm/java-8-oracle/jre/lib/amd64/libverify.so
7fa6c1e5a000-7fa6c1e61000 r-xp 00000000 08:01 2364                       /lib/x86_64-linux-gnu/librt-2.19.so
7fa6c1e61000-7fa6c2060000 ---p 00007000 08:01 2364                       /lib/x86_64-linux-gnu/librt-2.19.so
7fa6c2060000-7fa6c2061000 r--p 00006000 08:01 2364                       /lib/x86_64-linux-gnu/librt-2.19.so
7fa6c2061000-7fa6c2062000 rw-p 00007000 08:01 2364                       /lib/x86_64-linux-gnu/librt-2.19.so
7fa6c2062000-7fa6c2167000 r-xp 00000000 08:01 2300                       /lib/x86_64-linux-gnu/libm-2.19.so
7fa6c2167000-7fa6c2366000 ---p 00105000 08:01 2300                       /lib/x86_64-linux-gnu/libm-2.19.so
7fa6c2366000-7fa6c2367000 r--p 00104000 08:01 2300                       /lib/x86_64-linux-gnu/libm-2.19.so
7fa6c2367000-7fa6c2368000 rw-p 00105000 08:01 2300                       /lib/x86_64-linux-gnu/libm-2.19.so
7fa6c2368000-7fa6c3037000 r-xp 00000000 08:01 408117                     /usr/lib/jvm/java-8-oracle/jre/lib/amd64/server/libjvm.so
7fa6c3037000-7fa6c3237000 ---p 00ccf000 08:01 408117                     /usr/lib/jvm/java-8-oracle/jre/lib/amd64/server/libjvm.so
7fa6c3237000-7fa6c3310000 rw-p 00ccf000 08:01 408117                     /usr/lib/jvm/java-8-oracle/jre/lib/amd64/server/libjvm.so
7fa6c3310000-7fa6c335b000 rw-p 00000000 00:00 0 
7fa6c335b000-7fa6c3519000 r-xp 00000000 08:01 2291                       /lib/x86_64-linux-gnu/libc-2.19.so
7fa6c3519000-7fa6c3718000 ---p 001be000 08:01 2291                       /lib/x86_64-linux-gnu/libc-2.19.so
7fa6c3718000-7fa6c371c000 r--p 001bd000 08:01 2291                       /lib/x86_64-linux-gnu/libc-2.19.so
7fa6c371c000-7fa6c371e000 rw-p 001c1000 08:01 2291                       /lib/x86_64-linux-gnu/libc-2.19.so
7fa6c371e000-7fa6c3723000 rw-p 00000000 00:00 0 
7fa6c3723000-7fa6c3726000 r-xp 00000000 08:01 2185                       /lib/x86_64-linux-gnu/libdl-2.19.so
7fa6c3726000-7fa6c3925000 ---p 00003000 08:01 2185                       /lib/x86_64-linux-gnu/libdl-2.19.so
7fa6c3925000-7fa6c3926000 r--p 00002000 08:01 2185                       /lib/x86_64-linux-gnu/libdl-2.19.so
7fa6c3926000-7fa6c3927000 rw-p 00003000 08:01 2185                       /lib/x86_64-linux-gnu/libdl-2.19.so
7fa6c3927000-7fa6c393c000 r-xp 00000000 08:01 409458                     /usr/lib/jvm/java-8-oracle/lib/amd64/jli/libjli.so
7fa6c393c000-7fa6c3b3c000 ---p 00015000 08:01 409458                     /usr/lib/jvm/java-8-oracle/lib/amd64/jli/libjli.so
7fa6c3b3c000-7fa6c3b3d000 rw-p 00015000 08:01 409458                     /usr/lib/jvm/java-8-oracle/lib/amd64/jli/libjli.so
7fa6c3b3d000-7fa6c3b56000 r-xp 00000000 08:01 2262                       /lib/x86_64-linux-gnu/libpthread-2.19.so
7fa6c3b56000-7fa6c3d55000 ---p 00019000 08:01 2262                       /lib/x86_64-linux-gnu/libpthread-2.19.so
7fa6c3d55000-7fa6c3d56000 r--p 00018000 08:01 2262                       /lib/x86_64-linux-gnu/libpthread-2.19.so
7fa6c3d56000-7fa6c3d57000 rw-p 00019000 08:01 2262                       /lib/x86_64-linux-gnu/libpthread-2.19.so
7fa6c3d57000-7fa6c3d5b000 rw-p 00000000 00:00 0 
7fa6c3d5b000-7fa6c3d7e000 r-xp 00000000 08:01 2306                       /lib/x86_64-linux-gnu/ld-2.19.so
7fa6c3d7e000-7fa6c3d80000 r--s 00002000 08:01 67823                      /usr/share/java/plexus-cipher.jar
7fa6c3d80000-7fa6c3d82000 r--s 0000a000 08:01 68088                      /usr/share/java/maven3-artifact-3.0.5.jar
7fa6c3d82000-7fa6c3d84000 r--s 0000a000 08:01 67898                      /usr/share/java/wagon-provider-api-2.x.jar
7fa6c3d84000-7fa6c3e6a000 rw-p 00000000 00:00 0 
7fa6c3e6a000-7fa6c3e6d000 ---p 00000000 00:00 0 
7fa6c3e6d000-7fa6c3f6f000 rw-p 00000000 00:00 0                          [stack:8460]
7fa6c3f6f000-7fa6c3f71000 r--s 0000a000 08:01 67535                      /usr/share/java/plexus-classworlds2-2.5.1.jar
7fa6c3f71000-7fa6c3f79000 rw-s 00000000 08:01 1049606                    /tmp/hsperfdata_vagrant/8449
7fa6c3f79000-7fa6c3f7a000 rw-p 00000000 00:00 0 
7fa6c3f7a000-7fa6c3f7b000 ---p 00000000 00:00 0 
7fa6c3f7b000-7fa6c3f7d000 rw-p 00000000 00:00 0 
7fa6c3f7d000-7fa6c3f7e000 r--p 00022000 08:01 2306                       /lib/x86_64-linux-gnu/ld-2.19.so
7fa6c3f7e000-7fa6c3f7f000 rw-p 00023000 08:01 2306                       /lib/x86_64-linux-gnu/ld-2.19.so
7fa6c3f7f000-7fa6c3f80000 rw-p 00000000 00:00 0 
7ffed89b9000-7ffed89da000 rw-p 00000000 00:00 0                          [stack]
7ffed89e3000-7ffed89e5000 r-xp 00000000 00:00 0                          [vdso]
ffffffffff600000-ffffffffff601000 r-xp 00000000 00:00 0                  [vsyscall]

VM Arguments:
jvm_args: -Dclassworlds.conf=/usr/share/maven/bin/m2.conf -Dmaven.home=/usr/share/maven 
java_command: org.codehaus.plexus.classworlds.launcher.Launcher clean install
java_class_path (initial): /usr/share/maven/boot/plexus-classworlds-2.x.jar
Launcher Type: SUN_STANDARD

Environment Variables:
JAVA_HOME=/usr/lib/jvm/java-8-oracle
PATH=/usr/local/sbin:/usr/local/bin:/usr/sbin:/usr/bin:/sbin:/bin:/usr/games:/usr/local/games:/usr/lib/jvm/java-8-oracle/bin:/usr/lib/jvm/java-8-oracle/db/bin:/usr/lib/jvm/java-8-oracle/jre/bin
SHELL=/bin/zsh
DISPLAY=:0.0

Signal Handlers:
SIGSEGV: [libjvm.so+0xac8af0], sa_mask[0]=11111111011111111101111111111110, sa_flags=SA_RESTART|SA_SIGINFO
SIGBUS: [libjvm.so+0xac8af0], sa_mask[0]=11111111011111111101111111111110, sa_flags=SA_RESTART|SA_SIGINFO
SIGFPE: [libjvm.so+0x921dd0], sa_mask[0]=11111111011111111101111111111110, sa_flags=SA_RESTART|SA_SIGINFO
SIGPIPE: [libjvm.so+0x921dd0], sa_mask[0]=11111111011111111101111111111110, sa_flags=SA_RESTART|SA_SIGINFO
SIGXFSZ: [libjvm.so+0x921dd0], sa_mask[0]=11111111011111111101111111111110, sa_flags=SA_RESTART|SA_SIGINFO
SIGILL: [libjvm.so+0x921dd0], sa_mask[0]=11111111011111111101111111111110, sa_flags=SA_RESTART|SA_SIGINFO
SIGUSR1: SIG_DFL, sa_mask[0]=00000000000000000000000000000000, sa_flags=none
SIGUSR2: [libjvm.so+0x923610], sa_mask[0]=00000000000000000000000000000000, sa_flags=SA_RESTART|SA_SIGINFO
SIGHUP: [libjvm.so+0x924a10], sa_mask[0]=11111111011111111101111111111110, sa_flags=SA_RESTART|SA_SIGINFO
SIGINT: [libjvm.so+0x924a10], sa_mask[0]=11111111011111111101111111111110, sa_flags=SA_RESTART|SA_SIGINFO
SIGTERM: [libjvm.so+0x924a10], sa_mask[0]=11111111011111111101111111111110, sa_flags=SA_RESTART|SA_SIGINFO
SIGQUIT: [libjvm.so+0x924a10], sa_mask[0]=11111111011111111101111111111110, sa_flags=SA_RESTART|SA_SIGINFO


---------------  S Y S T E M  ---------------

OS:DISTRIB_ID=Ubuntu
DISTRIB_RELEASE=14.04
DISTRIB_CODENAME=trusty
DISTRIB_DESCRIPTION="Ubuntu 14.04.5 LTS"

uname:Linux 3.13.0-119-generic #166-Ubuntu SMP Wed May 3 12:18:55 UTC 2017 x86_64
libc:glibc 2.19 NPTL 2.19 
rlimit: STACK 8192k, CORE 0k, NPROC 31455, NOFILE 4096, AS infinity
load average:1.94 2.36 1.91

/proc/meminfo:
MemTotal:        4048176 kB
MemFree:          135536 kB
Buffers:             412 kB
Cached:            29348 kB
SwapCached:            0 kB
Active:          3782796 kB
Inactive:          21592 kB
Active(anon):    3775256 kB
Inactive(anon):    10248 kB
Active(file):       7540 kB
Inactive(file):    11344 kB
Unevictable:          32 kB
Mlocked:              32 kB
SwapTotal:             0 kB
SwapFree:              0 kB
Dirty:                60 kB
Writeback:             0 kB
AnonPages:       3775012 kB
Mapped:            21188 kB
Shmem:             10544 kB
Slab:              42092 kB
SReclaimable:      20300 kB
SUnreclaim:        21792 kB
KernelStack:        4520 kB
PageTables:        24236 kB
NFS_Unstable:          0 kB
Bounce:                0 kB
WritebackTmp:          0 kB
CommitLimit:     2024088 kB
Committed_AS:    5223160 kB
VmallocTotal:   34359738367 kB
VmallocUsed:       14232 kB
VmallocChunk:   34359716640 kB
HardwareCorrupted:     0 kB
AnonHugePages:   2650112 kB
HugePages_Total:       0
HugePages_Free:        0
HugePages_Rsvd:        0
HugePages_Surp:        0
Hugepagesize:       2048 kB
DirectMap4k:       67520 kB
DirectMap2M:     4126720 kB


CPU:total 2 (initial active 2) (2 cores per cpu, 1 threads per core) family 6 model 78 stepping 3, cmov, cx8, fxsr, mmx, sse, sse2, sse3, ssse3, sse4.1, sse4.2, popcnt, avx, aes, clmul, 3dnowpref, lzcnt, tsc, tscinvbit

/proc/cpuinfo:
processor	: 0
vendor_id	: GenuineIntel
cpu family	: 6
model		: 78
model name	: Intel(R) Core(TM) i5-6287U CPU @ 3.10GHz
stepping	: 3
cpu MHz		: 3095.904
cache size	: 4096 KB
physical id	: 0
siblings	: 2
core id		: 0
cpu cores	: 2
apicid		: 0
initial apicid	: 0
fpu		: yes
fpu_exception	: yes
cpuid level	: 22
wp		: yes
flags		: fpu vme de pse tsc msr pae mce cx8 apic sep mtrr pge mca cmov pat pse36 clflush mmx fxsr sse sse2 ht syscall nx rdtscp lm constant_tsc rep_good nopl xtopology nonstop_tsc pni pclmulqdq ssse3 cx16 sse4_1 sse4_2 movbe popcnt aes xsave avx rdrand lahf_lm abm 3dnowprefetch rdseed
bogomips	: 6191.80
clflush size	: 64
cache_alignment	: 64
address sizes	: 39 bits physical, 48 bits virtual
power management:

processor	: 1
vendor_id	: GenuineIntel
cpu family	: 6
model		: 78
model name	: Intel(R) Core(TM) i5-6287U CPU @ 3.10GHz
stepping	: 3
cpu MHz		: 3095.904
cache size	: 4096 KB
physical id	: 0
siblings	: 2
core id		: 1
cpu cores	: 2
apicid		: 1
initial apicid	: 1
fpu		: yes
fpu_exception	: yes
cpuid level	: 22
wp		: yes
flags		: fpu vme de pse tsc msr pae mce cx8 apic sep mtrr pge mca cmov pat pse36 clflush mmx fxsr sse sse2 ht syscall nx rdtscp lm constant_tsc rep_good nopl xtopology nonstop_tsc pni pclmulqdq ssse3 cx16 sse4_1 sse4_2 movbe popcnt aes xsave avx rdrand lahf_lm abm 3dnowprefetch rdseed
bogomips	: 6191.80
clflush size	: 64
cache_alignment	: 64
address sizes	: 39 bits physical, 48 bits virtual
power management:



Memory: 4k page, physical 4048176k(135536k free), swap 0k(0k free)

vm_info: Java HotSpot(TM) 64-Bit Server VM (25.131-b11) for linux-amd64 JRE (1.8.0_131-b11), built on Mar 15 2017 01:23:40 by "java_re" with gcc 4.3.0 20080428 (Red Hat 4.3.0-8)

time: Sat Jun 24 19:31:00 2017
elapsed time: 3 seconds (0d 0h 0m 3s)

