#
# There is insufficient memory for the Java Runtime Environment to continue.
# Native memory allocation (mmap) failed to map 134217728 bytes for committing reserved memory.
# Possible reasons:
#   The system is out of physical RAM or swap space
#   In 32 bit mode, the process size limit was hit
# Possible solutions:
#   Reduce memory load on the system
#   Increase physical memory or swap space
#   Check if swap backing store is full
#   Use 64 bit Java on a 64 bit OS
#   Decrease Java heap size (-Xmx/-Xms)
#   Decrease number of Java threads
#   Decrease Java thread stack sizes (-Xss)
#   Set larger code cache with -XX:ReservedCodeCacheSize=
# This output file may be truncated or incomplete.
#
#  Out of Memory Error (os_linux.cpp:2640), pid=8310, tid=0x00007fa77037e700
#
# JRE version: Java(TM) SE Runtime Environment (8.0_131-b11) (build 1.8.0_131-b11)
# Java VM: Java HotSpot(TM) 64-Bit Server VM (25.131-b11 mixed mode linux-amd64 compressed oops)
# Failed to write core dump. Core dumps have been disabled. To enable core dumping, try "ulimit -c unlimited" before starting Java again
#

---------------  T H R E A D  ---------------

Current thread (0x00007fa784073800):  VMThread [stack: 0x00007fa77027e000,0x00007fa77037f000] [id=8324]

Stack: [0x00007fa77027e000,0x00007fa77037f000],  sp=0x00007fa77037d0e0,  free space=1020k
Native frames: (J=compiled Java code, j=interpreted, Vv=VM code, C=native code)
V  [libjvm.so+0xac826a]  VMError::report_and_die()+0x2ba
V  [libjvm.so+0x4fd4cb]  report_vm_out_of_memory(char const*, int, unsigned long, VMErrorType, char const*)+0x8b
V  [libjvm.so+0x924f53]  os::Linux::commit_memory_impl(char*, unsigned long, bool)+0x103
V  [libjvm.so+0x9254a9]  os::pd_commit_memory(char*, unsigned long, unsigned long, bool)+0x29
V  [libjvm.so+0x91f6ca]  os::commit_memory(char*, unsigned long, unsigned long, bool)+0x2a
V  [libjvm.so+0x9941e3]  PSVirtualSpace::expand_by(unsigned long)+0x53
V  [libjvm.so+0x9955e8]  PSYoungGen::resize_generation(unsigned long, unsigned long)+0xf8
V  [libjvm.so+0x994742]  PSYoungGen::resize(unsigned long, unsigned long)+0x22
V  [libjvm.so+0x991a1b]  PSScavenge::invoke_no_policy()+0xf3b
V  [libjvm.so+0x9921a1]  PSScavenge::invoke()+0x41
V  [libjvm.so+0x948f00]  ParallelScavengeHeap::failed_mem_allocate(unsigned long)+0x70
V  [libjvm.so+0xac9c87]  VM_ParallelGCFailedAllocation::doit()+0x97
V  [libjvm.so+0xad1765]  VM_Operation::evaluate()+0x55
V  [libjvm.so+0xacfb3a]  VMThread::evaluate_operation(VM_Operation*)+0xba
V  [libjvm.so+0xacfebe]  VMThread::loop()+0x1ce
V  [libjvm.so+0xad0330]  VMThread::run()+0x70
V  [libjvm.so+0x927568]  java_start(Thread*)+0x108

VM_Operation (0x00007fa78a0b3ca0): ParallelGCFailedAllocation, mode: safepoint, requested by thread 0x00007fa78400a000


---------------  P R O C E S S  ---------------

Java Threads: ( => current thread )
  0x00007fa7840c4800 JavaThread "Service Thread" daemon [_thread_blocked, id=8330, stack(0x00007fa75ba73000,0x00007fa75bb74000)]
  0x00007fa7840b7800 JavaThread "C1 CompilerThread1" daemon [_thread_blocked, id=8329, stack(0x00007fa75bb74000,0x00007fa75bc75000)]
  0x00007fa7840b5000 JavaThread "C2 CompilerThread0" daemon [_thread_blocked, id=8328, stack(0x00007fa75bc75000,0x00007fa75bd76000)]
  0x00007fa7840b3800 JavaThread "Signal Dispatcher" daemon [_thread_blocked, id=8327, stack(0x00007fa75bd76000,0x00007fa75be77000)]
  0x00007fa784080000 JavaThread "Finalizer" daemon [_thread_blocked, id=8326, stack(0x00007fa77007c000,0x00007fa77017d000)]
  0x00007fa78407b800 JavaThread "Reference Handler" daemon [_thread_blocked, id=8325, stack(0x00007fa77017d000,0x00007fa77027e000)]
  0x00007fa78400a000 JavaThread "main" [_thread_blocked, id=8321, stack(0x00007fa789fb7000,0x00007fa78a0b8000)]

Other Threads:
=>0x00007fa784073800 VMThread [stack: 0x00007fa77027e000,0x00007fa77037f000] [id=8324]
  0x00007fa7840c7800 WatcherThread [stack: 0x00007fa75b972000,0x00007fa75ba73000] [id=8331]

VM state:at safepoint (normal execution)

VM Mutex/Monitor currently owned by a thread:  ([mutex/lock_event])
[0x00007fa784006050] Threads_lock - owner thread: 0x00007fa784073800
[0x00007fa784006550] Heap_lock - owner thread: 0x00007fa78400a000

Heap:
 PSYoungGen      total 135680K, used 9200K [0x00000000eb600000, 0x00000000f4400000, 0x0000000100000000)
  eden space 126464K, 0% used [0x00000000eb600000,0x00000000eb600000,0x00000000f3180000)
  from space 9216K, 99% used [0x00000000f3180000,0x00000000f3a7c050,0x00000000f3a80000)
  to   space 8704K, 0% used [0x00000000f3a80000,0x00000000f3a80000,0x00000000f4300000)
 ParOldGen       total 42496K, used 15111K [0x00000000c2200000, 0x00000000c4b80000, 0x00000000eb600000)
  object space 42496K, 35% used [0x00000000c2200000,0x00000000c30c1f70,0x00000000c4b80000)
 Metaspace       used 15291K, capacity 15670K, committed 16000K, reserved 1062912K
  class space    used 1741K, capacity 1797K, committed 1920K, reserved 1048576K

Card table byte_map: [0x00007fa7739b8000,0x00007fa773ba8000] byte_map_base: 0x00007fa7733a7000

Marking Bits: (ParMarkBitMap*) 0x00007fa78947af60
 Begin Bits: [0x00007fa7718c6000, 0x00007fa77283e000)
 End Bits:   [0x00007fa77283e000, 0x00007fa7737b6000)

Polling page: 0x00007fa78a0c7000

CodeCache: size=245760Kb used=9155Kb max_used=9162Kb free=236604Kb
 bounds [0x00007fa773f68000, 0x00007fa774868000, 0x00007fa782f68000]
 total_blobs=3270 nmethods=2951 adapters=232
 compilation: enabled

Compilation events (10 events):
Event: 4.719 Thread 0x00007fa7840b7800 2977       2       org.sonatype.aether.util.graph.manager.ClassicDependencyManager::equals (92 bytes)
Event: 4.720 Thread 0x00007fa7840b7800 nmethod 2977 0x00007fa77485be10 code [0x00007fa77485bfc0, 0x00007fa77485c2d8]
Event: 4.726 Thread 0x00007fa7840b5000 nmethod 2966 0x00007fa7748608d0 code [0x00007fa774860a60, 0x00007fa774861418]
Event: 4.726 Thread 0x00007fa7840b5000 2973       4       java.util.HashMap::entrySet (27 bytes)
Event: 4.727 Thread 0x00007fa7840b5000 nmethod 2973 0x00007fa77485a610 code [0x00007fa77485a760, 0x00007fa77485a858]
Event: 4.727 Thread 0x00007fa7840b5000 2970       4       java.util.regex.Pattern$CharProperty::match (56 bytes)
Event: 4.729 Thread 0x00007fa7840b7800 2979       2       org.apache.maven.model.merge.MavenModelMerger::mergeDistributionManagement_Repository (67 bytes)
Event: 4.729 Thread 0x00007fa7840b7800 nmethod 2979 0x00007fa77485b210 code [0x00007fa77485b3e0, 0x00007fa77485b948]
Event: 4.729 Thread 0x00007fa7840b7800 2980       2       org.apache.maven.model.merge.MavenModelMerger::mergeDistributionManagement_SnapshotRepository (67 bytes)
Event: 4.731 Thread 0x00007fa7840b7800 nmethod 2980 0x00007fa77485fcd0 code [0x00007fa77485fea0, 0x00007fa774860408]

GC Heap History (10 events):
Event: 1.043 GC heap after
Heap after GC invocations=2 (full 0):
 PSYoungGen      total 34304K, used 2542K [0x00000000eb600000, 0x00000000eda00000, 0x0000000100000000)
  eden space 31744K, 0% used [0x00000000eb600000,0x00000000eb600000,0x00000000ed500000)
  from space 2560K, 99% used [0x00000000ed780000,0x00000000ed9fb850,0x00000000eda00000)
  to   space 2560K, 0% used [0x00000000ed500000,0x00000000ed500000,0x00000000ed780000)
 ParOldGen       total 42496K, used 1333K [0x00000000c2200000, 0x00000000c4b80000, 0x00000000eb600000)
  object space 42496K, 3% used [0x00000000c2200000,0x00000000c234d760,0x00000000c4b80000)
 Metaspace       used 8113K, capacity 8232K, committed 8320K, reserved 1056768K
  class space    used 1020K, capacity 1082K, committed 1152K, reserved 1048576K
}
Event: 1.710 GC heap before
{Heap before GC invocations=3 (full 0):
 PSYoungGen      total 34304K, used 34286K [0x00000000eb600000, 0x00000000eda00000, 0x0000000100000000)
  eden space 31744K, 100% used [0x00000000eb600000,0x00000000ed500000,0x00000000ed500000)
  from space 2560K, 99% used [0x00000000ed780000,0x00000000ed9fb850,0x00000000eda00000)
  to   space 2560K, 0% used [0x00000000ed500000,0x00000000ed500000,0x00000000ed780000)
 ParOldGen       total 42496K, used 1333K [0x00000000c2200000, 0x00000000c4b80000, 0x00000000eb600000)
  object space 42496K, 3% used [0x00000000c2200000,0x00000000c234d760,0x00000000c4b80000)
 Metaspace       used 11522K, capacity 11636K, committed 11776K, reserved 1058816K
  class space    used 1425K, capacity 1468K, committed 1536K, reserved 1048576K
Event: 1.718 GC heap after
Heap after GC invocations=3 (full 0):
 PSYoungGen      total 34304K, used 2560K [0x00000000eb600000, 0x00000000ef900000, 0x0000000100000000)
  eden space 31744K, 0% used [0x00000000eb600000,0x00000000eb600000,0x00000000ed500000)
  from space 2560K, 100% used [0x00000000ed500000,0x00000000ed780000,0x00000000ed780000)
  to   space 2560K, 0% used [0x00000000ef680000,0x00000000ef680000,0x00000000ef900000)
 ParOldGen       total 42496K, used 3862K [0x00000000c2200000, 0x00000000c4b80000, 0x00000000eb600000)
  object space 42496K, 9% used [0x00000000c2200000,0x00000000c25c5ae0,0x00000000c4b80000)
 Metaspace       used 11522K, capacity 11636K, committed 11776K, reserved 1058816K
  class space    used 1425K, capacity 1468K, committed 1536K, reserved 1048576K
}
Event: 2.197 GC heap before
{Heap before GC invocations=4 (full 0):
 PSYoungGen      total 34304K, used 34304K [0x00000000eb600000, 0x00000000ef900000, 0x0000000100000000)
  eden space 31744K, 100% used [0x00000000eb600000,0x00000000ed500000,0x00000000ed500000)
  from space 2560K, 100% used [0x00000000ed500000,0x00000000ed780000,0x00000000ed780000)
  to   space 2560K, 0% used [0x00000000ef680000,0x00000000ef680000,0x00000000ef900000)
 ParOldGen       total 42496K, used 3862K [0x00000000c2200000, 0x00000000c4b80000, 0x00000000eb600000)
  object space 42496K, 9% used [0x00000000c2200000,0x00000000c25c5ae0,0x00000000c4b80000)
 Metaspace       used 13203K, capacity 13380K, committed 13440K, reserved 1060864K
  class space    used 1576K, capacity 1636K, committed 1664K, reserved 1048576K
Event: 2.209 GC heap after
Heap after GC invocations=4 (full 0):
 PSYoungGen      total 66048K, used 2528K [0x00000000eb600000, 0x00000000ef900000, 0x0000000100000000)
  eden space 63488K, 0% used [0x00000000eb600000,0x00000000eb600000,0x00000000ef400000)
  from space 2560K, 98% used [0x00000000ef680000,0x00000000ef8f8020,0x00000000ef900000)
  to   space 2560K, 0% used [0x00000000ef400000,0x00000000ef400000,0x00000000ef680000)
 ParOldGen       total 42496K, used 8555K [0x00000000c2200000, 0x00000000c4b80000, 0x00000000eb600000)
  object space 42496K, 20% used [0x00000000c2200000,0x00000000c2a5af30,0x00000000c4b80000)
 Metaspace       used 13203K, capacity 13380K, committed 13440K, reserved 1060864K
  class space    used 1576K, capacity 1636K, committed 1664K, reserved 1048576K
}
Event: 2.498 GC heap before
{Heap before GC invocations=5 (full 0):
 PSYoungGen      total 66048K, used 66016K [0x00000000eb600000, 0x00000000ef900000, 0x0000000100000000)
  eden space 63488K, 100% used [0x00000000eb600000,0x00000000ef400000,0x00000000ef400000)
  from space 2560K, 98% used [0x00000000ef680000,0x00000000ef8f8020,0x00000000ef900000)
  to   space 2560K, 0% used [0x00000000ef400000,0x00000000ef400000,0x00000000ef680000)
 ParOldGen       total 42496K, used 8555K [0x00000000c2200000, 0x00000000c4b80000, 0x00000000eb600000)
  object space 42496K, 20% used [0x00000000c2200000,0x00000000c2a5af30,0x00000000c4b80000)
 Metaspace       used 13298K, capacity 13520K, committed 13696K, reserved 1060864K
  class space    used 1577K, capacity 1638K, committed 1664K, reserved 1048576K
Event: 2.511 GC heap after
Heap after GC invocations=5 (full 0):
 PSYoungGen      total 66048K, used 2528K [0x00000000eb600000, 0x00000000f4300000, 0x0000000100000000)
  eden space 63488K, 0% used [0x00000000eb600000,0x00000000eb600000,0x00000000ef400000)
  from space 2560K, 98% used [0x00000000ef400000,0x00000000ef678020,0x00000000ef680000)
  to   space 8704K, 0% used [0x00000000f3a80000,0x00000000f3a80000,0x00000000f4300000)
 ParOldGen       total 42496K, used 12627K [0x00000000c2200000, 0x00000000c4b80000, 0x00000000eb600000)
  object space 42496K, 29% used [0x00000000c2200000,0x00000000c2e54f30,0x00000000c4b80000)
 Metaspace       used 13298K, capacity 13520K, committed 13696K, reserved 1060864K
  class space    used 1577K, capacity 1638K, committed 1664K, reserved 1048576K
}
Event: 3.138 GC heap before
{Heap before GC invocations=6 (full 0):
 PSYoungGen      total 66048K, used 66016K [0x00000000eb600000, 0x00000000f4300000, 0x0000000100000000)
  eden space 63488K, 100% used [0x00000000eb600000,0x00000000ef400000,0x00000000ef400000)
  from space 2560K, 98% used [0x00000000ef400000,0x00000000ef678020,0x00000000ef680000)
  to   space 8704K, 0% used [0x00000000f3a80000,0x00000000f3a80000,0x00000000f4300000)
 ParOldGen       total 42496K, used 12627K [0x00000000c2200000, 0x00000000c4b80000, 0x00000000eb600000)
  object space 42496K, 29% used [0x00000000c2200000,0x00000000c2e54f30,0x00000000c4b80000)
 Metaspace       used 13945K, capacity 14166K, committed 14336K, reserved 1062912K
  class space    used 1631K, capacity 1708K, committed 1792K, reserved 1048576K
Event: 3.168 GC heap after
Heap after GC invocations=6 (full 0):
 PSYoungGen      total 135168K, used 7127K [0x00000000eb600000, 0x00000000f4400000, 0x0000000100000000)
  eden space 126464K, 0% used [0x00000000eb600000,0x00000000eb600000,0x00000000f3180000)
  from space 8704K, 81% used [0x00000000f3a80000,0x00000000f4175e28,0x00000000f4300000)
  to   space 9216K, 0% used [0x00000000f3180000,0x00000000f3180000,0x00000000f3a80000)
 ParOldGen       total 42496K, used 12635K [0x00000000c2200000, 0x00000000c4b80000, 0x00000000eb600000)
  object space 42496K, 29% used [0x00000000c2200000,0x00000000c2e56f30,0x00000000c4b80000)
 Metaspace       used 13945K, capacity 14166K, committed 14336K, reserved 1062912K
  class space    used 1631K, capacity 1708K, committed 1792K, reserved 1048576K
}
Event: 4.734 GC heap before
{Heap before GC invocations=7 (full 0):
 PSYoungGen      total 135168K, used 133591K [0x00000000eb600000, 0x00000000f4400000, 0x0000000100000000)
  eden space 126464K, 100% used [0x00000000eb600000,0x00000000f3180000,0x00000000f3180000)
  from space 8704K, 81% used [0x00000000f3a80000,0x00000000f4175e28,0x00000000f4300000)
  to   space 9216K, 0% used [0x00000000f3180000,0x00000000f3180000,0x00000000f3a80000)
 ParOldGen       total 42496K, used 12635K [0x00000000c2200000, 0x00000000c4b80000, 0x00000000eb600000)
  object space 42496K, 29% used [0x00000000c2200000,0x00000000c2e56f30,0x00000000c4b80000)
 Metaspace       used 15291K, capacity 15670K, committed 16000K, reserved 1062912K
  class space    used 1741K, capacity 1797K, committed 1920K, reserved 1048576K

Deoptimization events (10 events):
Event: 3.611 Thread 0x00007fa78400a000 Uncommon trap: reason=unstable_if action=reinterpret pc=0x00007fa7745f599c method=org.codehaus.plexus.util.xml.pull.MXParser.nextImpl()I @ 280
Event: 3.735 Thread 0x00007fa78400a000 Uncommon trap: reason=unstable_if action=reinterpret pc=0x00007fa7742fd830 method=java.util.HashMap.hash(Ljava/lang/Object;)I @ 1
Event: 4.073 Thread 0x00007fa78400a000 Uncommon trap: reason=bimorphic action=maybe_recompile pc=0x00007fa774505394 method=java.util.regex.Pattern$Curly.match0(Ljava/util/regex/Matcher;IILjava/lang/CharSequence;)Z @ 170
Event: 4.073 Thread 0x00007fa78400a000 Uncommon trap: reason=bimorphic action=maybe_recompile pc=0x00007fa774505394 method=java.util.regex.Pattern$Curly.match0(Ljava/util/regex/Matcher;IILjava/lang/CharSequence;)Z @ 170
Event: 4.074 Thread 0x00007fa78400a000 Uncommon trap: reason=bimorphic action=maybe_recompile pc=0x00007fa774505394 method=java.util.regex.Pattern$Curly.match0(Ljava/util/regex/Matcher;IILjava/lang/CharSequence;)Z @ 170
Event: 4.074 Thread 0x00007fa78400a000 Uncommon trap: reason=bimorphic action=maybe_recompile pc=0x00007fa774505394 method=java.util.regex.Pattern$Curly.match0(Ljava/util/regex/Matcher;IILjava/lang/CharSequence;)Z @ 170
Event: 4.395 Thread 0x00007fa78400a000 Uncommon trap: reason=bimorphic action=maybe_recompile pc=0x00007fa774775738 method=java.util.concurrent.ConcurrentHashMap.get(Ljava/lang/Object;)Ljava/lang/Object; @ 149
Event: 4.413 Thread 0x00007fa78400a000 Uncommon trap: reason=bimorphic action=maybe_recompile pc=0x00007fa774775738 method=java.util.concurrent.ConcurrentHashMap.get(Ljava/lang/Object;)Ljava/lang/Object; @ 149
Event: 4.416 Thread 0x00007fa78400a000 Uncommon trap: reason=bimorphic action=maybe_recompile pc=0x00007fa774775738 method=java.util.concurrent.ConcurrentHashMap.get(Ljava/lang/Object;)Ljava/lang/Object; @ 149
Event: 4.426 Thread 0x00007fa78400a000 Uncommon trap: reason=bimorphic action=maybe_recompile pc=0x00007fa774775738 method=java.util.concurrent.ConcurrentHashMap.get(Ljava/lang/Object;)Ljava/lang/Object; @ 149

Internal exceptions (10 events):
Event: 1.003 Thread 0x00007fa78400a000 Exception <a 'java/lang/ArrayIndexOutOfBoundsException'> (0x00000000ec491850) thrown at [/HUDSON/workspace/8-2-build-linux-amd64/jdk8u131/8869/hotspot/src/share/vm/runtime/sharedRuntime.cpp, line 605]
Event: 1.154 Thread 0x00007fa78400a000 Exception <a 'java/lang/ArrayIndexOutOfBoundsException'> (0x00000000eb82cc98) thrown at [/HUDSON/workspace/8-2-build-linux-amd64/jdk8u131/8869/hotspot/src/share/vm/runtime/sharedRuntime.cpp, line 605]
Event: 1.155 Thread 0x00007fa78400a000 Exception <a 'java/lang/ArrayIndexOutOfBoundsException'> (0x00000000eb82e150) thrown at [/HUDSON/workspace/8-2-build-linux-amd64/jdk8u131/8869/hotspot/src/share/vm/runtime/sharedRuntime.cpp, line 605]
Event: 1.218 Thread 0x00007fa78400a000 Exception <a 'java/lang/NoClassDefFoundError': org/slf4j/LoggerFactory> (0x00000000ebc2b738) thrown at [/HUDSON/workspace/8-2-build-linux-amd64/jdk8u131/8869/hotspot/src/share/vm/classfile/systemDictionary.cpp, line 199]
Event: 1.218 Thread 0x00007fa78400a000 Exception <a 'java/lang/NoClassDefFoundError'> (0x00000000ebc2b738) thrown at [/HUDSON/workspace/8-2-build-linux-amd64/jdk8u131/8869/hotspot/src/share/vm/oops/instanceKlass.cpp, line 964]
Event: 2.783 Thread 0x00007fa78400a000 Implicit null exception at 0x00007fa7742403b5 to 0x00007fa7742405bd
Event: 3.031 Thread 0x00007fa78400a000 Implicit null exception at 0x00007fa774617341 to 0x00007fa774617e55
Event: 3.735 Thread 0x00007fa78400a000 Implicit null exception at 0x00007fa7742fd1fb to 0x00007fa7742fd81d
Event: 3.954 Thread 0x00007fa78400a000 Exception <a 'java/lang/NoClassDefFoundError': org/slf4j/Logger> (0x00000000f1425290) thrown at [/HUDSON/workspace/8-2-build-linux-amd64/jdk8u131/8869/hotspot/src/share/vm/oops/constantPool.cpp, line 235]
Event: 4.375 Thread 0x00007fa78400a000 Exception <a 'java/lang/NoClassDefFoundError': org/slf4j/Logger> (0x00000000f2413340) thrown at [/HUDSON/workspace/8-2-build-linux-amd64/jdk8u131/8869/hotspot/src/share/vm/oops/constantPool.cpp, line 235]

Events (10 events):
Event: 4.495 loading class org/apache/maven/plugin/logging/Log done
Event: 4.495 loading class org/apache/maven/plugin/logging/Log
Event: 4.495 loading class org/apache/maven/plugin/logging/Log done
Event: 4.495 loading class org/apache/maven/artifact/resolver/filter/CumulativeScopeArtifactFilter
Event: 4.495 loading class org/apache/maven/artifact/resolver/filter/CumulativeScopeArtifactFilter done
Event: 4.495 loading class org/apache/maven/artifact/resolver/filter/AbstractScopeArtifactFilter
Event: 4.495 loading class org/apache/maven/artifact/resolver/filter/AbstractScopeArtifactFilter done
Event: 4.692 Thread 0x00007fa78400a000 DEOPT PACKING pc=0x00007fa77460e2c2 sp=0x00007fa78a0b40c0
Event: 4.692 Thread 0x00007fa78400a000 DEOPT UNPACKING pc=0x00007fa773faf633 sp=0x00007fa78a0b3e78 mode 0
Event: 4.734 Executing VM operation: ParallelGCFailedAllocation


Dynamic libraries:
00400000-00401000 r-xp 00000000 08:01 407785                             /usr/lib/jvm/java-8-oracle/bin/java
00600000-00601000 rw-p 00000000 08:01 407785                             /usr/lib/jvm/java-8-oracle/bin/java
01875000-01896000 rw-p 00000000 00:00 0                                  [heap]
c2200000-c4b80000 rw-p 00000000 00:00 0 
c4b80000-eb600000 ---p 00000000 00:00 0 
eb600000-f4400000 rw-p 00000000 00:00 0 
fc400000-100000000 ---p 00000000 00:00 0 
100000000-1001e0000 rw-p 00000000 00:00 0 
1001e0000-140000000 ---p 00000000 00:00 0 
7fa744000000-7fa744021000 rw-p 00000000 00:00 0 
7fa744021000-7fa748000000 ---p 00000000 00:00 0 
7fa748000000-7fa748021000 rw-p 00000000 00:00 0 
7fa748021000-7fa74c000000 ---p 00000000 00:00 0 
7fa74c000000-7fa74cd05000 rw-p 00000000 00:00 0 
7fa74cd05000-7fa750000000 ---p 00000000 00:00 0 
7fa750000000-7fa750911000 rw-p 00000000 00:00 0 
7fa750911000-7fa754000000 ---p 00000000 00:00 0 
7fa754000000-7fa754021000 rw-p 00000000 00:00 0 
7fa754021000-7fa758000000 ---p 00000000 00:00 0 
7fa75b328000-7fa75b329000 rw-p 00000000 00:00 0 
7fa75b329000-7fa75b32b000 r--s 0000d000 08:01 1450137                    /home/vagrant/.m2/repository/org/codehaus/plexus/plexus-interpolation/1.13/plexus-interpolation-1.13.jar
7fa75b32b000-7fa75b32c000 r--s 00001000 08:01 1450134                    /home/vagrant/.m2/repository/org/sonatype/plexus/plexus-build-api/0.0.4/plexus-build-api-0.0.4.jar
7fa75b32c000-7fa75b32e000 r--s 00009000 08:01 1450132                    /home/vagrant/.m2/repository/org/apache/maven/shared/maven-filtering/1.1/maven-filtering-1.1.jar
7fa75b32e000-7fa75b332000 r--s 00033000 08:01 1313618                    /home/vagrant/.m2/repository/org/codehaus/plexus/plexus-utils/2.0.5/plexus-utils-2.0.5.jar
7fa75b332000-7fa75b335000 r--s 0001b000 08:01 669768                     /home/vagrant/.m2/repository/junit/junit/3.8.1/junit-3.8.1.jar
7fa75b335000-7fa75b337000 r--s 00002000 08:01 1313617                    /home/vagrant/.m2/repository/org/codehaus/plexus/plexus-interactivity-api/1.0-alpha-4/plexus-interactivity-api-1.0-alpha-4.jar
7fa75b337000-7fa75b339000 r--s 00006000 08:01 788006                     /home/vagrant/.m2/repository/commons-cli/commons-cli/1.0/commons-cli-1.0.jar
7fa75b339000-7fa75b33a000 r--s 00001000 08:01 1313607                    /home/vagrant/.m2/repository/org/apache/maven/doxia/doxia-sink-api/1.0-alpha-7/doxia-sink-api-1.0-alpha-7.jar
7fa75b33a000-7fa75b33b000 r--s 00002000 08:01 1313603                    /home/vagrant/.m2/repository/org/apache/maven/reporting/maven-reporting-api/2.0.6/maven-reporting-api-2.0.6.jar
7fa75b33b000-7fa75b33d000 r--s 00006000 08:01 788000                     /home/vagrant/.m2/repository/org/apache/maven/plugins/maven-resources-plugin/2.6/maven-resources-plugin-2.6.jar
7fa75b33d000-7fa75b341000 r--s 00034000 08:01 1313431                    /home/vagrant/.m2/repository/org/codehaus/plexus/plexus-utils/3.0/plexus-utils-3.0.jar
7fa75b341000-7fa75b343000 r--s 00005000 08:01 787993                     /home/vagrant/.m2/repository/org/apache/maven/plugins/maven-clean-plugin/2.5/maven-clean-plugin-2.5.jar
7fa75b343000-7fa75b503000 rw-p 00000000 00:00 0 
7fa75b503000-7fa75b543000 ---p 00000000 00:00 0 
7fa75b543000-7fa75b743000 rw-p 00000000 00:00 0 
7fa75b743000-7fa75b748000 r--s 0009a000 08:01 408174                     /usr/lib/jvm/java-8-oracle/jre/lib/jsse.jar
7fa75b748000-7fa75b948000 rw-p 00000000 00:00 0 
7fa75b948000-7fa75b94a000 r--s 00025000 08:01 68083                      /usr/share/java/maven3-model-3.0.5.jar
7fa75b94a000-7fa75b94c000 r--s 0000b000 08:01 68082                      /usr/share/java/maven3-aether-provider-3.0.5.jar
7fa75b94c000-7fa75b94e000 r--s 00008000 08:01 68085                      /usr/share/java/maven3-embedder-3.0.5.jar
7fa75b94e000-7fa75b94f000 r--s 00006000 08:01 67829                      /usr/share/java/plexus-sec-dispatcher.jar
7fa75b94f000-7fa75b952000 r--s 0001d000 08:01 656270                     /usr/share/maven-repo/org/sonatype/aether/aether-impl/1.13.1/aether-impl-1.13.1.jar
7fa75b952000-7fa75b954000 r--s 00007000 08:01 68089                      /usr/share/java/maven3-settings-builder-3.0.5.jar
7fa75b954000-7fa75b95a000 r--s 0003e000 08:01 68090                      /usr/share/java/maven3-compat-3.0.5.jar
7fa75b95a000-7fa75b95c000 r--s 00000000 08:01 68058                      /usr/share/java/plexus-component-annotations-1.5-1.5.5.jar
7fa75b95c000-7fa75b968000 r--s 0007c000 08:01 68084                      /usr/share/java/maven3-core-3.0.5.jar
7fa75b968000-7fa75b96d000 r--s 00044000 08:01 67835                      /usr/share/java/commons-httpclient-3.1.jar
7fa75b96d000-7fa75b96e000 r--s 00001000 08:01 67902                      /usr/share/java/wagon-file-2.x.jar
7fa75b96e000-7fa75b970000 r--s 00007000 08:01 67567                      /usr/share/java/commons-cli-1.2.jar
7fa75b970000-7fa75b972000 r--s 00009000 08:01 68086                      /usr/share/java/maven3-settings-3.0.5.jar
7fa75b972000-7fa75b973000 ---p 00000000 00:00 0 
7fa75b973000-7fa75ba73000 rw-p 00000000 00:00 0                          [stack:8331]
7fa75ba73000-7fa75ba76000 ---p 00000000 00:00 0 
7fa75ba76000-7fa75bb74000 rw-p 00000000 00:00 0                          [stack:8330]
7fa75bb74000-7fa75bb77000 ---p 00000000 00:00 0 
7fa75bb77000-7fa75bc75000 rw-p 00000000 00:00 0                          [stack:8329]
7fa75bc75000-7fa75bc78000 ---p 00000000 00:00 0 
7fa75bc78000-7fa75bd76000 rw-p 00000000 00:00 0                          [stack:8328]
7fa75bd76000-7fa75bd79000 ---p 00000000 00:00 0 
7fa75bd79000-7fa75be77000 rw-p 00000000 00:00 0                          [stack:8327]
7fa75be77000-7fa75c000000 r--p 00000000 08:01 54287                      /usr/lib/locale/locale-archive
7fa75c000000-7fa75c021000 rw-p 00000000 00:00 0 
7fa75c021000-7fa760000000 ---p 00000000 00:00 0 
7fa760000000-7fa760021000 rw-p 00000000 00:00 0 
7fa760021000-7fa764000000 ---p 00000000 00:00 0 
7fa764000000-7fa764021000 rw-p 00000000 00:00 0 
7fa764021000-7fa768000000 ---p 00000000 00:00 0 
7fa768000000-7fa768295000 rw-p 00000000 00:00 0 
7fa768295000-7fa76c000000 ---p 00000000 00:00 0 
7fa76c000000-7fa76c021000 rw-p 00000000 00:00 0 
7fa76c021000-7fa770000000 ---p 00000000 00:00 0 
7fa770000000-7fa770002000 r--s 0000e000 08:01 67660                      /usr/share/java/plexus-interpolation.jar
7fa770002000-7fa770004000 r--s 00005000 08:01 68087                      /usr/share/java/maven3-repository-metadata-3.0.5.jar
7fa770004000-7fa77000b000 r--s 00040000 08:01 67284                      /usr/share/java/sisu-inject-bean.jar
7fa77000b000-7fa77000c000 r--s 00003000 08:01 656253                     /usr/share/maven-repo/org/sonatype/aether/aether-spi/1.13.1/aether-spi-1.13.1.jar
7fa77000c000-7fa77000d000 r--s 0000d000 08:01 67364                      /usr/share/java/commons-logging-1.1.3.jar
7fa77000d000-7fa770011000 r--s 00020000 08:01 68092                      /usr/share/java/maven3-model-builder-3.0.5.jar
7fa770011000-7fa770013000 r--s 00009000 08:01 68091                      /usr/share/java/maven3-plugin-api-3.0.5.jar
7fa770013000-7fa77003c000 r--s 001e9000 08:01 67588                      /usr/share/java/guava.jar
7fa77003c000-7fa770058000 r--s 00110000 08:01 67961                      /usr/share/java/wagon-http-shaded-2.x.jar
7fa770058000-7fa77005f000 r--s 0003b000 08:01 67628                      /usr/share/java/commons-codec-1.9.jar
7fa77005f000-7fa77006b000 r--s 00082000 08:01 67205                      /usr/share/java/sisu-guice.jar
7fa77006b000-7fa77006e000 r--s 00013000 08:01 656258                     /usr/share/maven-repo/org/sonatype/aether/aether-api/1.13.1/aether-api-1.13.1.jar
7fa77006e000-7fa770074000 r--s 0002c000 08:01 67235                      /usr/share/java/sisu-inject-plexus.jar
7fa770074000-7fa770078000 r--s 00033000 08:01 68043                      /usr/share/java/plexus-utils2-2.0.5.jar
7fa770078000-7fa77007c000 r--s 0001c000 08:01 656241                     /usr/share/maven-repo/org/sonatype/aether/aether-util/1.13.1/aether-util-1.13.1.jar
7fa77007c000-7fa77007f000 ---p 00000000 00:00 0 
7fa77007f000-7fa77017d000 rw-p 00000000 00:00 0                          [stack:8326]
7fa77017d000-7fa770180000 ---p 00000000 00:00 0 
7fa770180000-7fa77027e000 rw-p 00000000 00:00 0                          [stack:8325]
7fa77027e000-7fa77027f000 ---p 00000000 00:00 0 
7fa77027f000-7fa770c88000 rw-p 00000000 00:00 0                          [stack:8324]
7fa770c88000-7fa770e61000 r--s 03d40000 08:01 408029                     /usr/lib/jvm/java-8-oracle/jre/lib/rt.jar
7fa770e61000-7fa7737b6000 rw-p 00000000 00:00 0 
7fa7737b6000-7fa7737b7000 ---p 00000000 00:00 0 
7fa7737b7000-7fa7738b7000 rw-p 00000000 00:00 0                          [stack:8323]
7fa7738b7000-7fa7738b8000 ---p 00000000 00:00 0 
7fa7738b8000-7fa7739cd000 rw-p 00000000 00:00 0                          [stack:8322]
7fa7739cd000-7fa773b02000 ---p 00000000 00:00 0 
7fa773b02000-7fa773b49000 rw-p 00000000 00:00 0 
7fa773b49000-7fa773ba7000 ---p 00000000 00:00 0 
7fa773ba7000-7fa773bcc000 rw-p 00000000 00:00 0 
7fa773bcc000-7fa773f68000 ---p 00000000 00:00 0 
7fa773f68000-7fa774868000 rwxp 00000000 00:00 0 
7fa774868000-7fa782f68000 ---p 00000000 00:00 0 
7fa782f68000-7fa782f82000 r-xp 00000000 08:01 408169                     /usr/lib/jvm/java-8-oracle/jre/lib/amd64/libzip.so
7fa782f82000-7fa783182000 ---p 0001a000 08:01 408169                     /usr/lib/jvm/java-8-oracle/jre/lib/amd64/libzip.so
7fa783182000-7fa783183000 rw-p 0001a000 08:01 408169                     /usr/lib/jvm/java-8-oracle/jre/lib/amd64/libzip.so
7fa783183000-7fa78318d000 r-xp 00000000 08:01 2177                       /lib/x86_64-linux-gnu/libnss_files-2.19.so
7fa78318d000-7fa78338c000 ---p 0000a000 08:01 2177                       /lib/x86_64-linux-gnu/libnss_files-2.19.so
7fa78338c000-7fa78338d000 r--p 00009000 08:01 2177                       /lib/x86_64-linux-gnu/libnss_files-2.19.so
7fa78338d000-7fa78338e000 rw-p 0000a000 08:01 2177                       /lib/x86_64-linux-gnu/libnss_files-2.19.so
7fa78338e000-7fa783399000 r-xp 00000000 08:01 2340                       /lib/x86_64-linux-gnu/libnss_nis-2.19.so
7fa783399000-7fa783598000 ---p 0000b000 08:01 2340                       /lib/x86_64-linux-gnu/libnss_nis-2.19.so
7fa783598000-7fa783599000 r--p 0000a000 08:01 2340                       /lib/x86_64-linux-gnu/libnss_nis-2.19.so
7fa783599000-7fa78359a000 rw-p 0000b000 08:01 2340                       /lib/x86_64-linux-gnu/libnss_nis-2.19.so
7fa78359a000-7fa7835b1000 r-xp 00000000 08:01 2337                       /lib/x86_64-linux-gnu/libnsl-2.19.so
7fa7835b1000-7fa7837b0000 ---p 00017000 08:01 2337                       /lib/x86_64-linux-gnu/libnsl-2.19.so
7fa7837b0000-7fa7837b1000 r--p 00016000 08:01 2337                       /lib/x86_64-linux-gnu/libnsl-2.19.so
7fa7837b1000-7fa7837b2000 rw-p 00017000 08:01 2337                       /lib/x86_64-linux-gnu/libnsl-2.19.so
7fa7837b2000-7fa7837b4000 rw-p 00000000 00:00 0 
7fa7837b4000-7fa7837bd000 r-xp 00000000 08:01 2285                       /lib/x86_64-linux-gnu/libnss_compat-2.19.so
7fa7837bd000-7fa7839bc000 ---p 00009000 08:01 2285                       /lib/x86_64-linux-gnu/libnss_compat-2.19.so
7fa7839bc000-7fa7839bd000 r--p 00008000 08:01 2285                       /lib/x86_64-linux-gnu/libnss_compat-2.19.so
7fa7839bd000-7fa7839be000 rw-p 00009000 08:01 2285                       /lib/x86_64-linux-gnu/libnss_compat-2.19.so
7fa7839be000-7fa7839e9000 r-xp 00000000 08:01 408143                     /usr/lib/jvm/java-8-oracle/jre/lib/amd64/libjava.so
7fa7839e9000-7fa783be8000 ---p 0002b000 08:01 408143                     /usr/lib/jvm/java-8-oracle/jre/lib/amd64/libjava.so
7fa783be8000-7fa783bea000 rw-p 0002a000 08:01 408143                     /usr/lib/jvm/java-8-oracle/jre/lib/amd64/libjava.so
7fa783bea000-7fa783bf7000 r-xp 00000000 08:01 408130                     /usr/lib/jvm/java-8-oracle/jre/lib/amd64/libverify.so
7fa783bf7000-7fa783df6000 ---p 0000d000 08:01 408130                     /usr/lib/jvm/java-8-oracle/jre/lib/amd64/libverify.so
7fa783df6000-7fa783df8000 rw-p 0000c000 08:01 408130                     /usr/lib/jvm/java-8-oracle/jre/lib/amd64/libverify.so
7fa783df8000-7fa783dff000 r-xp 00000000 08:01 2364                       /lib/x86_64-linux-gnu/librt-2.19.so
7fa783dff000-7fa783ffe000 ---p 00007000 08:01 2364                       /lib/x86_64-linux-gnu/librt-2.19.so
7fa783ffe000-7fa783fff000 r--p 00006000 08:01 2364                       /lib/x86_64-linux-gnu/librt-2.19.so
7fa783fff000-7fa784000000 rw-p 00007000 08:01 2364                       /lib/x86_64-linux-gnu/librt-2.19.so
7fa784000000-7fa78497b000 rw-p 00000000 00:00 0 
7fa78497b000-7fa788000000 ---p 00000000 00:00 0 
7fa788000000-7fa788002000 r--s 00006000 08:01 656276                     /usr/share/maven-repo/org/sonatype/aether/aether-connector-wagon/1.13.1/aether-connector-wagon-1.13.1.jar
7fa788002000-7fa78807a000 rw-p 00000000 00:00 0 
7fa78807a000-7fa7881af000 ---p 00000000 00:00 0 
7fa7881af000-7fa7882b4000 r-xp 00000000 08:01 2300                       /lib/x86_64-linux-gnu/libm-2.19.so
7fa7882b4000-7fa7884b3000 ---p 00105000 08:01 2300                       /lib/x86_64-linux-gnu/libm-2.19.so
7fa7884b3000-7fa7884b4000 r--p 00104000 08:01 2300                       /lib/x86_64-linux-gnu/libm-2.19.so
7fa7884b4000-7fa7884b5000 rw-p 00105000 08:01 2300                       /lib/x86_64-linux-gnu/libm-2.19.so
7fa7884b5000-7fa789184000 r-xp 00000000 08:01 408117                     /usr/lib/jvm/java-8-oracle/jre/lib/amd64/server/libjvm.so
7fa789184000-7fa789384000 ---p 00ccf000 08:01 408117                     /usr/lib/jvm/java-8-oracle/jre/lib/amd64/server/libjvm.so
7fa789384000-7fa78945d000 rw-p 00ccf000 08:01 408117                     /usr/lib/jvm/java-8-oracle/jre/lib/amd64/server/libjvm.so
7fa78945d000-7fa7894a8000 rw-p 00000000 00:00 0 
7fa7894a8000-7fa789666000 r-xp 00000000 08:01 2291                       /lib/x86_64-linux-gnu/libc-2.19.so
7fa789666000-7fa789865000 ---p 001be000 08:01 2291                       /lib/x86_64-linux-gnu/libc-2.19.so
7fa789865000-7fa789869000 r--p 001bd000 08:01 2291                       /lib/x86_64-linux-gnu/libc-2.19.so
7fa789869000-7fa78986b000 rw-p 001c1000 08:01 2291                       /lib/x86_64-linux-gnu/libc-2.19.so
7fa78986b000-7fa789870000 rw-p 00000000 00:00 0 
7fa789870000-7fa789873000 r-xp 00000000 08:01 2185                       /lib/x86_64-linux-gnu/libdl-2.19.so
7fa789873000-7fa789a72000 ---p 00003000 08:01 2185                       /lib/x86_64-linux-gnu/libdl-2.19.so
7fa789a72000-7fa789a73000 r--p 00002000 08:01 2185                       /lib/x86_64-linux-gnu/libdl-2.19.so
7fa789a73000-7fa789a74000 rw-p 00003000 08:01 2185                       /lib/x86_64-linux-gnu/libdl-2.19.so
7fa789a74000-7fa789a89000 r-xp 00000000 08:01 409458                     /usr/lib/jvm/java-8-oracle/lib/amd64/jli/libjli.so
7fa789a89000-7fa789c89000 ---p 00015000 08:01 409458                     /usr/lib/jvm/java-8-oracle/lib/amd64/jli/libjli.so
7fa789c89000-7fa789c8a000 rw-p 00015000 08:01 409458                     /usr/lib/jvm/java-8-oracle/lib/amd64/jli/libjli.so
7fa789c8a000-7fa789ca3000 r-xp 00000000 08:01 2262                       /lib/x86_64-linux-gnu/libpthread-2.19.so
7fa789ca3000-7fa789ea2000 ---p 00019000 08:01 2262                       /lib/x86_64-linux-gnu/libpthread-2.19.so
7fa789ea2000-7fa789ea3000 r--p 00018000 08:01 2262                       /lib/x86_64-linux-gnu/libpthread-2.19.so
7fa789ea3000-7fa789ea4000 rw-p 00019000 08:01 2262                       /lib/x86_64-linux-gnu/libpthread-2.19.so
7fa789ea4000-7fa789ea8000 rw-p 00000000 00:00 0 
7fa789ea8000-7fa789ecb000 r-xp 00000000 08:01 2306                       /lib/x86_64-linux-gnu/ld-2.19.so
7fa789ecb000-7fa789ecd000 r--s 00002000 08:01 67823                      /usr/share/java/plexus-cipher.jar
7fa789ecd000-7fa789ecf000 r--s 0000a000 08:01 68088                      /usr/share/java/maven3-artifact-3.0.5.jar
7fa789ecf000-7fa789ed1000 r--s 0000a000 08:01 67898                      /usr/share/java/wagon-provider-api-2.x.jar
7fa789ed1000-7fa789fb7000 rw-p 00000000 00:00 0 
7fa789fb7000-7fa789fba000 ---p 00000000 00:00 0 
7fa789fba000-7fa78a0bc000 rw-p 00000000 00:00 0                          [stack:8321]
7fa78a0bc000-7fa78a0be000 r--s 0000a000 08:01 67535                      /usr/share/java/plexus-classworlds2-2.5.1.jar
7fa78a0be000-7fa78a0c6000 rw-s 00000000 08:01 1049602                    /tmp/hsperfdata_vagrant/8310
7fa78a0c6000-7fa78a0c7000 rw-p 00000000 00:00 0 
7fa78a0c7000-7fa78a0c8000 ---p 00000000 00:00 0 
7fa78a0c8000-7fa78a0ca000 rw-p 00000000 00:00 0 
7fa78a0ca000-7fa78a0cb000 r--p 00022000 08:01 2306                       /lib/x86_64-linux-gnu/ld-2.19.so
7fa78a0cb000-7fa78a0cc000 rw-p 00023000 08:01 2306                       /lib/x86_64-linux-gnu/ld-2.19.so
7fa78a0cc000-7fa78a0cd000 rw-p 00000000 00:00 0 
7ffe09f0f000-7ffe09f30000 rw-p 00000000 00:00 0                          [stack]
7ffe09f6e000-7ffe09f70000 r-xp 00000000 00:00 0                          [vdso]
ffffffffff600000-ffffffffff601000 r-xp 00000000 00:00 0                  [vsyscall]

VM Arguments:
jvm_args: -Dclassworlds.conf=/usr/share/maven/bin/m2.conf -Dmaven.home=/usr/share/maven 
java_command: org.codehaus.plexus.classworlds.launcher.Launcher clean install
java_class_path (initial): /usr/share/maven/boot/plexus-classworlds-2.x.jar
Launcher Type: SUN_STANDARD

Environment Variables:
JAVA_HOME=/usr/lib/jvm/java-8-oracle
PATH=/usr/local/sbin:/usr/local/bin:/usr/sbin:/usr/bin:/sbin:/bin:/usr/games:/usr/local/games:/usr/lib/jvm/java-8-oracle/bin:/usr/lib/jvm/java-8-oracle/db/bin:/usr/lib/jvm/java-8-oracle/jre/bin
SHELL=/bin/zsh
DISPLAY=:0.0

Signal Handlers:
SIGSEGV: [libjvm.so+0xac8af0], sa_mask[0]=11111111011111111101111111111110, sa_flags=SA_RESTART|SA_SIGINFO
SIGBUS: [libjvm.so+0xac8af0], sa_mask[0]=11111111011111111101111111111110, sa_flags=SA_RESTART|SA_SIGINFO
SIGFPE: [libjvm.so+0x921dd0], sa_mask[0]=11111111011111111101111111111110, sa_flags=SA_RESTART|SA_SIGINFO
SIGPIPE: [libjvm.so+0x921dd0], sa_mask[0]=11111111011111111101111111111110, sa_flags=SA_RESTART|SA_SIGINFO
SIGXFSZ: [libjvm.so+0x921dd0], sa_mask[0]=11111111011111111101111111111110, sa_flags=SA_RESTART|SA_SIGINFO
SIGILL: [libjvm.so+0x921dd0], sa_mask[0]=11111111011111111101111111111110, sa_flags=SA_RESTART|SA_SIGINFO
SIGUSR1: SIG_DFL, sa_mask[0]=00000000000000000000000000000000, sa_flags=none
SIGUSR2: [libjvm.so+0x923610], sa_mask[0]=00000000000000000000000000000000, sa_flags=SA_RESTART|SA_SIGINFO
SIGHUP: [libjvm.so+0x924a10], sa_mask[0]=11111111011111111101111111111110, sa_flags=SA_RESTART|SA_SIGINFO
SIGINT: [libjvm.so+0x924a10], sa_mask[0]=11111111011111111101111111111110, sa_flags=SA_RESTART|SA_SIGINFO
SIGTERM: [libjvm.so+0x924a10], sa_mask[0]=11111111011111111101111111111110, sa_flags=SA_RESTART|SA_SIGINFO
SIGQUIT: [libjvm.so+0x924a10], sa_mask[0]=11111111011111111101111111111110, sa_flags=SA_RESTART|SA_SIGINFO


---------------  S Y S T E M  ---------------

OS:DISTRIB_ID=Ubuntu
DISTRIB_RELEASE=14.04
DISTRIB_CODENAME=trusty
DISTRIB_DESCRIPTION="Ubuntu 14.04.5 LTS"

uname:Linux 3.13.0-119-generic #166-Ubuntu SMP Wed May 3 12:18:55 UTC 2017 x86_64
libc:glibc 2.19 NPTL 2.19 
rlimit: STACK 8192k, CORE 0k, NPROC 31455, NOFILE 4096, AS infinity
load average:1.68 1.55 1.53

/proc/meminfo:
MemTotal:        4048176 kB
MemFree:          131624 kB
Buffers:            5524 kB
Cached:            76472 kB
SwapCached:            0 kB
Active:          3764344 kB
Inactive:          43224 kB
Active(anon):    3725968 kB
Inactive(anon):    10248 kB
Active(file):      38376 kB
Inactive(file):    32976 kB
Unevictable:          32 kB
Mlocked:              32 kB
SwapTotal:             0 kB
SwapFree:              0 kB
Dirty:             11804 kB
Writeback:             0 kB
AnonPages:       3725624 kB
Mapped:            44192 kB
Shmem:             10544 kB
Slab:              43924 kB
SReclaimable:      21992 kB
SUnreclaim:        21932 kB
KernelStack:        4360 kB
PageTables:        23848 kB
NFS_Unstable:          0 kB
Bounce:                0 kB
WritebackTmp:          0 kB
CommitLimit:     2024088 kB
Committed_AS:    5112628 kB
VmallocTotal:   34359738367 kB
VmallocUsed:       14232 kB
VmallocChunk:   34359716640 kB
HardwareCorrupted:     0 kB
AnonHugePages:   2613248 kB
HugePages_Total:       0
HugePages_Free:        0
HugePages_Rsvd:        0
HugePages_Surp:        0
Hugepagesize:       2048 kB
DirectMap4k:       67520 kB
DirectMap2M:     4126720 kB


CPU:total 2 (initial active 2) (2 cores per cpu, 1 threads per core) family 6 model 78 stepping 3, cmov, cx8, fxsr, mmx, sse, sse2, sse3, ssse3, sse4.1, sse4.2, popcnt, avx, aes, clmul, 3dnowpref, lzcnt, tsc, tscinvbit

/proc/cpuinfo:
processor	: 0
vendor_id	: GenuineIntel
cpu family	: 6
model		: 78
model name	: Intel(R) Core(TM) i5-6287U CPU @ 3.10GHz
stepping	: 3
cpu MHz		: 3095.904
cache size	: 4096 KB
physical id	: 0
siblings	: 2
core id		: 0
cpu cores	: 2
apicid		: 0
initial apicid	: 0
fpu		: yes
fpu_exception	: yes
cpuid level	: 22
wp		: yes
flags		: fpu vme de pse tsc msr pae mce cx8 apic sep mtrr pge mca cmov pat pse36 clflush mmx fxsr sse sse2 ht syscall nx rdtscp lm constant_tsc rep_good nopl xtopology nonstop_tsc pni pclmulqdq ssse3 cx16 sse4_1 sse4_2 movbe popcnt aes xsave avx rdrand lahf_lm abm 3dnowprefetch rdseed
bogomips	: 6191.80
clflush size	: 64
cache_alignment	: 64
address sizes	: 39 bits physical, 48 bits virtual
power management:

processor	: 1
vendor_id	: GenuineIntel
cpu family	: 6
model		: 78
model name	: Intel(R) Core(TM) i5-6287U CPU @ 3.10GHz
stepping	: 3
cpu MHz		: 3095.904
cache size	: 4096 KB
physical id	: 0
siblings	: 2
core id		: 1
cpu cores	: 2
apicid		: 1
initial apicid	: 1
fpu		: yes
fpu_exception	: yes
cpuid level	: 22
wp		: yes
flags		: fpu vme de pse tsc msr pae mce cx8 apic sep mtrr pge mca cmov pat pse36 clflush mmx fxsr sse sse2 ht syscall nx rdtscp lm constant_tsc rep_good nopl xtopology nonstop_tsc pni pclmulqdq ssse3 cx16 sse4_1 sse4_2 movbe popcnt aes xsave avx rdrand lahf_lm abm 3dnowprefetch rdseed
bogomips	: 6191.80
clflush size	: 64
cache_alignment	: 64
address sizes	: 39 bits physical, 48 bits virtual
power management:



Memory: 4k page, physical 4048176k(131624k free), swap 0k(0k free)

vm_info: Java HotSpot(TM) 64-Bit Server VM (25.131-b11) for linux-amd64 JRE (1.8.0_131-b11), built on Mar 15 2017 01:23:40 by "java_re" with gcc 4.3.0 20080428 (Red Hat 4.3.0-8)

time: Sat Jun 24 19:27:09 2017
elapsed time: 4 seconds (0d 0h 0m 4s)

